"13:26:12 [main] INFO  stockmanage.Mainclass - admin username and password is verified
""13:26:12 [main] INFO  stockmanage.Mainclass - you haba been succesfull logged in
""13:26:12 [main] INFO  stockmanage.Mainclass -  ENTER [1]: if you want to change the admin password   
""13:26:12 [main] INFO  stockmanage.Mainclass -  ENTER [2]:if you want to see the productd in the store  
""13:26:12 [main] INFO  stockmanage.Mainclass -  ENTER [3]:if you want to add  more productss into the  
""13:26:12 [main] INFO  stockmanage.Mainclass -  ENTER [4]:if you want to delete products from the store   
""13:26:12 [main] INFO  stockmanage.Mainclass -  ENTER [5]:if you want to order the products for the store   
""13:26:12 [main] INFO  stockmanage.Mainclass -  ENTER [6]:if you want to see customer order details  
""13:26:12 [main] INFO  stockmanage.Mainclass -  ENTER [7]:if you want to see your profile details   
""13:26:12 [main] INFO  stockmanage.Mainclass - -----------------------------------------------------------------------------
""13:26:12 [main] INFO  stockmanage.Mainclass -   enter the numer for you case : 
""13:26:13 [main] INFO  stockmanage.Mainclass - enter id of product : 
""13:26:16 [main] INFO  stockmanage.Mainclass - enter product seller name : 
""13:26:22 [main] INFO  stockmanage.Mainclass - enter number of products : 
""13:26:42 [main] INFO  stockmanage.Mainclass -  ENTER '1' : if you are admin
""13:26:42 [main] INFO  stockmanage.Mainclass - ENTER '2' : if you are customer
""13:26:42 [main] INFO  stockmanage.Mainclass -  ENTER '3' : if you are new customer 
""13:26:42 [main] INFO  stockmanage.Mainclass -  enter your response here :  
""13:26:43 [main] INFO  stockmanage.Mainclass -  enter the admins username : 
""13:26:45 [main] INFO  stockmanage.Mainclass -  enter the   admins password : 
""13:26:47 [main] INFO  stockmanage.Mainclass - --------------------------------------------------
""13:26:47 [main] INFO  stockmanage.Mainclass - --------------------------------------------------
""13:26:47 [main] INFO  stockmanage.Mainclass - |                  welcome admin                  |
""13:26:47 [main] INFO  stockmanage.Mainclass - admin username and password is verified
""13:26:47 [main] INFO  stockmanage.Mainclass - you haba been succesfull logged in
""13:26:47 [main] INFO  stockmanage.Mainclass -  ENTER [1]: if you want to change the admin password   
""13:26:47 [main] INFO  stockmanage.Mainclass -  ENTER [2]:if you want to see the productd in the store  
""13:26:47 [main] INFO  stockmanage.Mainclass -  ENTER [3]:if you want to add  more productss into the  
""13:26:47 [main] INFO  stockmanage.Mainclass -  ENTER [4]:if you want to delete products from the store   
""13:26:47 [main] INFO  stockmanage.Mainclass -  ENTER [5]:if you want to order the products for the store   
""13:26:47 [main] INFO  stockmanage.Mainclass -  ENTER [6]:if you want to see customer order details  
""13:26:47 [main] INFO  stockmanage.Mainclass -  ENTER [7]:if you want to see your profile details   
""13:26:47 [main] INFO  stockmanage.Mainclass - -----------------------------------------------------------------------------
""13:26:47 [main] INFO  stockmanage.Mainclass -   enter the numer for you case : 
""13:26:48 [main] INFO  stockmanage.Mainclass - enter id of product : 
""13:26:49 [main] INFO  stockmanage.Mainclass - oops product id already exists in store
""13:26:49 [main] INFO  stockmanage.Mainclass - enter id of product : 
""13:27:13 [main] INFO  stockmanage.Mainclass -  ENTER '1' : if you are admin
""13:27:13 [main] INFO  stockmanage.Mainclass - ENTER '2' : if you are customer
""13:27:13 [main] INFO  stockmanage.Mainclass -  ENTER '3' : if you are new customer 
""13:27:13 [main] INFO  stockmanage.Mainclass -  enter your response here :  
""13:27:14 [main] INFO  stockmanage.Mainclass -  enter the admins username : 
""13:27:15 [main] INFO  stockmanage.Mainclass -  enter the   admins password : 
""13:27:17 [main] INFO  stockmanage.Mainclass - --------------------------------------------------
""13:27:17 [main] INFO  stockmanage.Mainclass - --------------------------------------------------
""13:27:17 [main] INFO  stockmanage.Mainclass - |                  welcome admin                  |
""13:27:17 [main] INFO  stockmanage.Mainclass - admin username and password is verified
""13:27:17 [main] INFO  stockmanage.Mainclass - you haba been succesfull logged in
""13:27:17 [main] INFO  stockmanage.Mainclass -  ENTER [1]: if you want to change the admin password   
""13:27:17 [main] INFO  stockmanage.Mainclass -  ENTER [2]:if you want to see the productd in the store  
""13:27:17 [main] INFO  stockmanage.Mainclass -  ENTER [3]:if you want to add  more productss into the  
""13:27:17 [main] INFO  stockmanage.Mainclass -  ENTER [4]:if you want to delete products from the store   
""13:27:17 [main] INFO  stockmanage.Mainclass -  ENTER [5]:if you want to order the products for the store   
""13:27:17 [main] INFO  stockmanage.Mainclass -  ENTER [6]:if you want to see customer order details  
""13:27:17 [main] INFO  stockmanage.Mainclass -  ENTER [7]:if you want to see your profile details   
""13:27:17 [main] INFO  stockmanage.Mainclass - -----------------------------------------------------------------------------
""13:27:17 [main] INFO  stockmanage.Mainclass -   enter the numer for you case : 
""13:27:18 [main] INFO  stockmanage.Mainclass - enter id of product : 
""13:27:21 [main] INFO  stockmanage.Mainclass - enter product seller name : 
""13:27:21 [main] INFO  stockmanage.Mainclass - enter number of products : 
""13:27:33 [main] INFO  stockmanage.Mainclass - If you want to order more products then enter <1> , else enter <0> : 
""13:27:36 [main] INFO  stockmanage.Mainclass - your order is placed succesfully !!!!! 
""13:27:36 [main] INFO  stockmanage.Mainclass - ----------------------------------------------------------------------------------------------------------
""13:27:36 [main] INFO  stockmanage.Mainclass -  enter <h> to return home OR enter <lg> to logout : 
""13:28:48 [main] INFO  stockmanage.Mainclass - ----------------------------------------------------------------------------------------------------------
""13:28:48 [main] INFO  stockmanage.Mainclass -  ENTER [1]: if you want to change the admin password   
""13:28:48 [main] INFO  stockmanage.Mainclass -  ENTER [2]:if you want to see the productd in the store  
""13:28:48 [main] INFO  stockmanage.Mainclass -  ENTER [3]:if you want to add  more productss into the  
""13:28:48 [main] INFO  stockmanage.Mainclass -  ENTER [4]:if you want to delete products from the store   
""13:28:48 [main] INFO  stockmanage.Mainclass -  ENTER [5]:if you want to order the products for the store   
""13:28:48 [main] INFO  stockmanage.Mainclass -  ENTER [6]:if you want to see customer order details  
""13:28:48 [main] INFO  stockmanage.Mainclass -  ENTER [7]:if you want to see your profile details   
""13:28:48 [main] INFO  stockmanage.Mainclass - -----------------------------------------------------------------------------
""13:28:48 [main] INFO  stockmanage.Mainclass -   enter the numer for you case : 
""13:30:19 [main] INFO  stockmanage.Mainclass - product_id 	 product_name 	 product_price 	 product_avalible 	 producta_created_date
""13:30:19 [main] INFO  stockmanage.Mainclass - 1001		gear			5400	 	62	 	2022-08-18
""13:30:19 [main] INFO  stockmanage.Mainclass - 1003		differential			18000	 	146	 	2022-08-18
""13:30:19 [main] INFO  stockmanage.Mainclass - 1004		steering			3200	 	90	 	2022-08-18
""13:30:19 [main] INFO  stockmanage.Mainclass - 1005		enginecase			7400	 	24	 	2022-08-18
""13:30:19 [main] INFO  stockmanage.Mainclass - 1006		leafsprings			9000	 	74	 	2022-08-18
""13:30:19 [main] INFO  stockmanage.Mainclass - 1007		tyres			8200	 	57	 	2022-08-18
""13:30:19 [main] INFO  stockmanage.Mainclass - 1008		piston			6420	 	74	 	2022-08-18
""13:30:19 [main] INFO  stockmanage.Mainclass - 1056		crankcase			6500	 	96	 	2022-09-23
""13:30:19 [main] INFO  stockmanage.Mainclass - 1057		silencer			1600	 	300	 	2022-09-27
""13:30:19 [main] INFO  stockmanage.Mainclass - ----------------------------------------------------------------------------------------------------------
""13:30:19 [main] INFO  stockmanage.Mainclass -  enter <h> to return home OR enter <lg> to logout : 
""13:31:14 [main] INFO  stockmanage.Mainclass -  ENTER '1' : if you are admin
""13:31:14 [main] INFO  stockmanage.Mainclass - ENTER '2' : if you are customer
""13:31:14 [main] INFO  stockmanage.Mainclass -  ENTER '3' : if you are new customer 
""13:31:14 [main] INFO  stockmanage.Mainclass -  enter your response here :  
""13:31:16 [main] INFO  stockmanage.Mainclass -  enter the admins username : 
""13:31:17 [main] INFO  stockmanage.Mainclass -  enter the   admins password : 
""13:31:20 [main] INFO  stockmanage.Mainclass - --------------------------------------------------
""13:31:20 [main] INFO  stockmanage.Mainclass - --------------------------------------------------
""13:31:20 [main] INFO  stockmanage.Mainclass - |                  welcome admin                  |
""13:31:20 [main] INFO  stockmanage.Mainclass - admin username and password is verified
""13:31:20 [main] INFO  stockmanage.Mainclass - you haba been succesfull logged in
""13:31:20 [main] INFO  stockmanage.Mainclass -  ENTER [1]: if you want to change the admin password   
""13:31:20 [main] INFO  stockmanage.Mainclass -  ENTER [2]:if you want to see the productd in the store  
""13:31:20 [main] INFO  stockmanage.Mainclass -  ENTER [3]:if you want to add  more productss into the  
""13:31:20 [main] INFO  stockmanage.Mainclass -  ENTER [4]:if you want to delete products from the store   
""13:31:20 [main] INFO  stockmanage.Mainclass -  ENTER [5]:if you want to order the products for the store   
""13:31:20 [main] INFO  stockmanage.Mainclass -  ENTER [6]:if you want to see customer order details  
""13:31:20 [main] INFO  stockmanage.Mainclass -  ENTER [7]:if you want to see your profile details   
""13:31:20 [main] INFO  stockmanage.Mainclass - -----------------------------------------------------------------------------
"