"17:30:48 [main] INFO  stockmanage.Mainclass -  enter <h> to return home OR enter <lg> to logout : 
""17:30:52 [main] INFO  stockmanage.Mainclass - ENTER [1]: if you want to change the password    
""17:30:52 [main] INFO  stockmanage.Mainclass - ENTER [2]: if you want to see the products and their details in the store   
""17:30:52 [main] INFO  stockmanage.Mainclass - ENTER [3]: if you want to buy products in  the store enter  
""17:30:52 [main] INFO  stockmanage.Mainclass - ENTER [4]: if you want to see the products that you have ordered 
""17:30:52 [main] INFO  stockmanage.Mainclass - ENTER [5]: if you want to see the profile   
""17:30:52 [main] INFO  stockmanage.Mainclass - ----------------------------------------------------------------------------------------------------------
""17:30:52 [main] INFO  stockmanage.Mainclass - enter the number for your case : 
""17:30:56 [main] INFO  stockmanage.Mainclass - customer_username 	customer_phno 	product_name 	ordered_date 	prodect_count 
""17:30:56 [main] INFO  stockmanage.Mainclass - parvi	0				2022-09-26		10
""17:30:56 [main] INFO  stockmanage.Mainclass - parvi	0				2022-09-26		10
""17:30:56 [main] INFO  stockmanage.Mainclass - parvi	0		gear		2022-09-26		10
""17:30:56 [main] INFO  stockmanage.Mainclass - parvi	7895629645		gear		2022-09-26		10
""17:30:56 [main] INFO  stockmanage.Mainclass -  enter <h> to return home OR enter <lg> to logout : 
""17:39:28 [main] INFO  stockmanage.Mainclass - if you are admin enter below as <a> or if you user enter below as <c> or if you are new enter below as <n> for registration: 
""17:56:34 [main] INFO  stockmanage.Mainclass - if you are admin enter below as <a> or if you user enter below as <c> or if you are new enter below as <n> for registration: 
""17:56:41 [main] INFO  stockmanage.Mainclass -  enter the admins username : 
""17:56:51 [main] INFO  stockmanage.Mainclass -  enter the   admins password : 
""17:56:55 [main] INFO  stockmanage.Mainclass - --------------------------------------------------
""17:56:55 [main] INFO  stockmanage.Mainclass - --------------------------------------------------
""17:56:55 [main] INFO  stockmanage.Mainclass - |                  welcome admin                  |
""17:56:55 [main] INFO  stockmanage.Mainclass - admin username and password is verified
""17:56:55 [main] INFO  stockmanage.Mainclass - you haba been succesfull logged in
""17:56:55 [main] INFO  stockmanage.Mainclass -  ENTER [1]: if you want to change the admin password   
""17:56:55 [main] INFO  stockmanage.Mainclass -  ENTER [2]:if you want to see the productd in the store  
""17:56:55 [main] INFO  stockmanage.Mainclass -  ENTER [3]:if you want to add  more productss into the  
""17:56:55 [main] INFO  stockmanage.Mainclass -  ENTER [4]:if you want to delete products from the store   
""17:56:55 [main] INFO  stockmanage.Mainclass -  ENTER [5]:if you want to order the products for the store   
""17:56:55 [main] INFO  stockmanage.Mainclass -  ENTER [6]:if you want to see customer order details  
""17:56:55 [main] INFO  stockmanage.Mainclass -  ENTER [7]:if you want to see your profile details   
""17:56:55 [main] INFO  stockmanage.Mainclass - -----------------------------------------------------------------------------
""17:56:55 [main] INFO  stockmanage.Mainclass -   enter the numer for you case : 
""17:56:59 [main] INFO  stockmanage.Mainclass - product_id 	 product_name 	 product_price 	 product_avalible 	 producta_created_date
""17:56:59 [main] INFO  stockmanage.Mainclass - 1001		gear			5400	 	6	 	2022-08-18
""17:56:59 [main] INFO  stockmanage.Mainclass - 1003		differential			18000	 	111	 	2022-08-18
""17:56:59 [main] INFO  stockmanage.Mainclass - 1004		steering			3200	 	90	 	2022-08-18
""17:56:59 [main] INFO  stockmanage.Mainclass - 1005		enginecase			7400	 	24	 	2022-08-18
""17:56:59 [main] INFO  stockmanage.Mainclass - 1006		leafsprings			9000	 	74	 	2022-08-18
""17:56:59 [main] INFO  stockmanage.Mainclass - 1007		tyres			8200	 	57	 	2022-08-18
""17:56:59 [main] INFO  stockmanage.Mainclass - 1008		piston			6420	 	74	 	2022-08-18
""17:56:59 [main] INFO  stockmanage.Mainclass - 1056		crankcase			6500	 	96	 	2022-09-23
""17:56:59 [main] INFO  stockmanage.Mainclass - ----------------------------------------------------------------------------------------------------------
""17:56:59 [main] INFO  stockmanage.Mainclass -  enter <h> to return home OR enter <lg> to logout : 
""17:57:23 [main] INFO  stockmanage.Mainclass - if you are admin enter below as <a> or if you user enter below as <c> or if you are new enter below as <n> for registration: 
""17:57:24 [main] INFO  stockmanage.Mainclass -  enter the  coustomers username : 
""17:57:27 [main] INFO  stockmanage.Mainclass -  enter the  of customer password : 
""17:57:31 [main] INFO  stockmanage.Mainclass - customer username and password is verified
""17:57:31 [main] INFO  stockmanage.Mainclass - you haba been succesfull logged in
""17:57:31 [main] INFO  stockmanage.Mainclass - ENTER [1]: if you want to change the password    
""17:57:31 [main] INFO  stockmanage.Mainclass - ENTER [2]: if you want to see the products and their details in the store   
""17:57:31 [main] INFO  stockmanage.Mainclass - ENTER [3]: if you want to buy products in  the store enter  
""17:57:31 [main] INFO  stockmanage.Mainclass - ENTER [4]: if you want to see the products that you have ordered 
""17:57:31 [main] INFO  stockmanage.Mainclass - ENTER [5]: if you want to see the profile   
""17:57:31 [main] INFO  stockmanage.Mainclass - ----------------------------------------------------------------------------------------------------------
""17:57:31 [main] INFO  stockmanage.Mainclass - enter the number for your case : 
""17:57:35 [main] INFO  stockmanage.Mainclass - customer_username 	customer_phno 	product_name 	ordered_date 	prodect_count 
""17:57:35 [main] INFO  stockmanage.Mainclass - parvi	0				2022-09-26		10
""17:57:35 [main] INFO  stockmanage.Mainclass - parvi	0				2022-09-26		10
""17:57:35 [main] INFO  stockmanage.Mainclass - parvi	0		gear		2022-09-26		10
""17:57:35 [main] INFO  stockmanage.Mainclass - parvi	7895629645		gear		2022-09-26		10
""17:57:35 [main] INFO  stockmanage.Mainclass -  enter <h> to return home OR enter <lg> to logout : 
""17:58:06 [main] INFO  stockmanage.Mainclass - ENTER [1]: if you want to change the password    
""17:58:06 [main] INFO  stockmanage.Mainclass - ENTER [2]: if you want to see the products and their details in the store   
""17:58:06 [main] INFO  stockmanage.Mainclass - ENTER [3]: if you want to buy products in  the store enter  
""17:58:06 [main] INFO  stockmanage.Mainclass - ENTER [4]: if you want to see the products that you have ordered 
""17:58:06 [main] INFO  stockmanage.Mainclass - ENTER [5]: if you want to see the profile   
""17:58:06 [main] INFO  stockmanage.Mainclass - ----------------------------------------------------------------------------------------------------------
""17:58:06 [main] INFO  stockmanage.Mainclass - enter the number for your case : 
""17:58:08 [main] INFO  stockmanage.Mainclass - enter product id : 
""17:58:14 [main] INFO  stockmanage.Mainclass - enter number of products : 
""17:58:17 [main] INFO  stockmanage.Mainclass - If you want to oreder more products then enter <1> , else enter <0> : 
""17:58:21 [main] INFO  stockmanage.Mainclass - your order is placed succesfully !!!!! 
""17:58:21 [main] INFO  stockmanage.Mainclass -  enter <h> to return home OR enter <lg> to logout : 
""17:58:25 [main] INFO  stockmanage.Mainclass - ENTER [1]: if you want to change the password    
""17:58:25 [main] INFO  stockmanage.Mainclass - ENTER [2]: if you want to see the products and their details in the store   
""17:58:25 [main] INFO  stockmanage.Mainclass - ENTER [3]: if you want to buy products in  the store enter  
""17:58:25 [main] INFO  stockmanage.Mainclass - ENTER [4]: if you want to see the products that you have ordered 
""17:58:25 [main] INFO  stockmanage.Mainclass - ENTER [5]: if you want to see the profile   
""17:58:25 [main] INFO  stockmanage.Mainclass - ----------------------------------------------------------------------------------------------------------
""17:58:25 [main] INFO  stockmanage.Mainclass - enter the number for your case : 
""17:58:26 [main] INFO  stockmanage.Mainclass - customer_username 	customer_phno 	product_name 	ordered_date 	prodect_count 
""17:58:26 [main] INFO  stockmanage.Mainclass - parvi	0				2022-09-26		10
""17:58:26 [main] INFO  stockmanage.Mainclass - parvi	0				2022-09-26		10
""17:58:26 [main] INFO  stockmanage.Mainclass - parvi	0		gear		2022-09-26		10
""17:58:26 [main] INFO  stockmanage.Mainclass - parvi	7895629645		gear		2022-09-26		10
""17:58:26 [main] INFO  stockmanage.Mainclass - parvi	7895629645				2022-09-26		2
""17:58:26 [main] INFO  stockmanage.Mainclass -  enter <h> to return home OR enter <lg> to logout : 
""17:58:32 [main] INFO  stockmanage.Mainclass - ENTER [1]: if you want to change the password    
""17:58:32 [main] INFO  stockmanage.Mainclass - ENTER [2]: if you want to see the products and their details in the store   
""17:58:32 [main] INFO  stockmanage.Mainclass - ENTER [3]: if you want to buy products in  the store enter  
""17:58:32 [main] INFO  stockmanage.Mainclass - ENTER [4]: if you want to see the products that you have ordered 
""17:58:32 [main] INFO  stockmanage.Mainclass - ENTER [5]: if you want to see the profile   
""17:58:32 [main] INFO  stockmanage.Mainclass - ----------------------------------------------------------------------------------------------------------
""17:58:32 [main] INFO  stockmanage.Mainclass - enter the number for your case : 
""17:58:37 [main] INFO  stockmanage.Mainclass -  product_id   	product_name 		product_price 	product_avalible 	 producta_created_date
""17:58:37 [main] INFO  stockmanage.Mainclass - 1001	 		gear			5400	 	6	 	2022-08-18
""17:58:37 [main] INFO  stockmanage.Mainclass - 1003	 		differential			18000	 	111	 	2022-08-18
""17:58:37 [main] INFO  stockmanage.Mainclass - 1004	 		steering			3200	 	90	 	2022-08-18
""17:58:37 [main] INFO  stockmanage.Mainclass - 1005	 		enginecase			7400	 	24	 	2022-08-18
"