"20:55:18 [main] INFO  stockmanage.Mainclass -  ENTER [5]:if you want to order the products for the store   
""20:55:18 [main] INFO  stockmanage.Mainclass -  ENTER [6]:if you want to see customer order details  
""20:55:18 [main] INFO  stockmanage.Mainclass -  ENTER [7]:if you want to see your profile details   
""20:55:18 [main] INFO  stockmanage.Mainclass - -----------------------------------------------------------------------------
""20:55:18 [main] INFO  stockmanage.Mainclass -   enter the numer for you case : 
""20:55:31 [main] INFO  stockmanage.Mainclass - Enter new password, which should have number, letters, special characters letters 
""20:55:45 [main] INFO  stockmanage.Mainclass - you password is updated succesfully....
""20:55:45 [main] INFO  stockmanage.Mainclass - ----------------------------------------------------------------------------------------------------------
""20:55:45 [main] INFO  stockmanage.Mainclass -  enter <h> to return home OR enter <lg> to logout : 
""20:55:50 [main] INFO  stockmanage.Mainclass - ----------------------------------------------------------------------------------------------------------
""20:55:50 [main] INFO  stockmanage.Mainclass -  ENTER [1]: if you want to change the admin password   
""20:55:50 [main] INFO  stockmanage.Mainclass -  ENTER [2]:if you want to see the productd in the store  
""20:55:50 [main] INFO  stockmanage.Mainclass -  ENTER [3]:if you want to add  more productss into the  
""20:55:50 [main] INFO  stockmanage.Mainclass -  ENTER [4]:if you want to delete products from the store   
""20:55:50 [main] INFO  stockmanage.Mainclass -  ENTER [5]:if you want to order the products for the store   
""20:55:50 [main] INFO  stockmanage.Mainclass -  ENTER [6]:if you want to see customer order details  
""20:55:50 [main] INFO  stockmanage.Mainclass -  ENTER [7]:if you want to see your profile details   
""20:55:50 [main] INFO  stockmanage.Mainclass - -----------------------------------------------------------------------------
""20:55:50 [main] INFO  stockmanage.Mainclass -   enter the numer for you case : 
""20:55:56 [main] INFO  stockmanage.Mainclass - product_id 	 product_name 	 product_price 	 product_avalible 	 producta_created_date
""20:55:56 [main] INFO  stockmanage.Mainclass - 1001		gear			5400	 	49	 	2022-08-18
""20:55:56 [main] INFO  stockmanage.Mainclass - 1003		differential			18000	 	156	 	2022-08-18
""20:55:56 [main] INFO  stockmanage.Mainclass - 1004		steering			3200	 	90	 	2022-08-18
""20:55:56 [main] INFO  stockmanage.Mainclass - 1005		enginecase			7400	 	24	 	2022-08-18
""20:55:56 [main] INFO  stockmanage.Mainclass - 1006		leafsprings			9000	 	69	 	2022-08-18
""20:55:56 [main] INFO  stockmanage.Mainclass - 1007		tyres			8200	 	57	 	2022-08-18
""20:55:56 [main] INFO  stockmanage.Mainclass - 1008		piston			6420	 	74	 	2022-08-18
""20:55:56 [main] INFO  stockmanage.Mainclass - 1023		axle			2343	 	342	 	2022-10-01
""20:55:56 [main] INFO  stockmanage.Mainclass - 1056		crankcase			6500	 	96	 	2022-09-23
""20:55:56 [main] INFO  stockmanage.Mainclass - 8787		bolts			300	 	540	 	2022-10-11
""20:55:56 [main] INFO  stockmanage.Mainclass - 9889		piston rings			2300	 	356	 	2022-10-10
""20:55:56 [main] INFO  stockmanage.Mainclass - ----------------------------------------------------------------------------------------------------------
""20:55:56 [main] INFO  stockmanage.Mainclass -  enter <h> to return home OR enter <lg> to logout : 
""20:56:00 [main] INFO  stockmanage.Mainclass - ----------------------------------------------------------------------------------------------------------
""20:56:00 [main] INFO  stockmanage.Mainclass -  ENTER [1]: if you want to change the admin password   
""20:56:00 [main] INFO  stockmanage.Mainclass -  ENTER [2]:if you want to see the productd in the store  
""20:56:00 [main] INFO  stockmanage.Mainclass -  ENTER [3]:if you want to add  more productss into the  
""20:56:00 [main] INFO  stockmanage.Mainclass -  ENTER [4]:if you want to delete products from the store   
""20:56:00 [main] INFO  stockmanage.Mainclass -  ENTER [5]:if you want to order the products for the store   
""20:56:00 [main] INFO  stockmanage.Mainclass -  ENTER [6]:if you want to see customer order details  
""20:56:00 [main] INFO  stockmanage.Mainclass -  ENTER [7]:if you want to see your profile details   
""20:56:00 [main] INFO  stockmanage.Mainclass - -----------------------------------------------------------------------------
""20:56:00 [main] INFO  stockmanage.Mainclass -   enter the numer for you case : 
""20:56:03 [main] INFO  stockmanage.Mainclass - Enter the id of the product, which should have only numbers 
""20:56:06 [main] INFO  stockmanage.Mainclass - Enter the name of the product, which should have only letters 
""20:57:24 [main] INFO  stockmanage.Mainclass - Enter valid product name 
""20:57:24 [main] INFO  stockmanage.Mainclass - Enter the name of the product, which should have only letters 
""20:58:24 [main] INFO  stockmanage.Mainclass -  ENTER '1' : if you are admin
""20:58:24 [main] INFO  stockmanage.Mainclass - ENTER '2' : if you are customer
""20:58:24 [main] INFO  stockmanage.Mainclass -  ENTER '3' : if you are new customer 
""20:58:24 [main] INFO  stockmanage.Mainclass -  enter your response here :  
""20:58:27 [main] INFO  stockmanage.Mainclass - Enter  username(size=min4), which should have number, letters letters 
""20:58:29 [main] INFO  stockmanage.Mainclass - Enter valid password 
""20:58:29 [main] INFO  stockmanage.Mainclass - Enter  username(size=min4), which should have number, letters letters 
""20:59:27 [main] INFO  stockmanage.Mainclass - Enter  password, which should have number, letters, special characters letters 
""20:59:35 [main] INFO  stockmanage.Mainclass - --------------------------------------------------
""20:59:35 [main] INFO  stockmanage.Mainclass - --------------------------------------------------
""20:59:35 [main] INFO  stockmanage.Mainclass - |                  welcome admin                  |
""20:59:35 [main] INFO  stockmanage.Mainclass - admin username and password is verified
""20:59:35 [main] INFO  stockmanage.Mainclass - you haba been succesfull logged in
""20:59:35 [main] INFO  stockmanage.Mainclass -  ENTER [1]: if you want to change the admin password   
""20:59:35 [main] INFO  stockmanage.Mainclass -  ENTER [2]:if you want to see the productd in the store  
""20:59:35 [main] INFO  stockmanage.Mainclass -  ENTER [3]:if you want to add  more productss into the  
""20:59:35 [main] INFO  stockmanage.Mainclass -  ENTER [4]:if you want to delete products from the store   
""20:59:35 [main] INFO  stockmanage.Mainclass -  ENTER [5]:if you want to order the products for the store   
""20:59:35 [main] INFO  stockmanage.Mainclass -  ENTER [6]:if you want to see customer order details  
""20:59:35 [main] INFO  stockmanage.Mainclass -  ENTER [7]:if you want to see your profile details   
""20:59:35 [main] INFO  stockmanage.Mainclass - -----------------------------------------------------------------------------
""20:59:35 [main] INFO  stockmanage.Mainclass -   enter the numer for you case : 
""20:59:48 [main] INFO  stockmanage.Mainclass -  ENTER '1' : if you are admin
""20:59:48 [main] INFO  stockmanage.Mainclass - ENTER '2' : if you are customer
""20:59:48 [main] INFO  stockmanage.Mainclass -  ENTER '3' : if you are new customer 
""20:59:48 [main] INFO  stockmanage.Mainclass -  enter your response here :  
""20:59:50 [main] INFO  stockmanage.Mainclass - Enter  username(size=min4), which should have number, letters letters 
""20:59:52 [main] INFO  stockmanage.Mainclass - Enter  password, which should have number, letters, special characters letters 
""20:59:59 [main] INFO  stockmanage.Mainclass - --------------------------------------------------
""20:59:59 [main] INFO  stockmanage.Mainclass - --------------------------------------------------
""20:59:59 [main] INFO  stockmanage.Mainclass - |                  welcome admin                  |
""20:59:59 [main] INFO  stockmanage.Mainclass - admin username and password is verified
""20:59:59 [main] INFO  stockmanage.Mainclass - you haba been succesfull logged in
""20:59:59 [main] INFO  stockmanage.Mainclass -  ENTER [1]: if you want to change the admin password   
""20:59:59 [main] INFO  stockmanage.Mainclass -  ENTER [2]:if you want to see the productd in the store  
""20:59:59 [main] INFO  stockmanage.Mainclass -  ENTER [3]:if you want to add  more productss into the  
""20:59:59 [main] INFO  stockmanage.Mainclass -  ENTER [4]:if you want to delete products from the store   
""20:59:59 [main] INFO  stockmanage.Mainclass -  ENTER [5]:if you want to order the products for the store   
""20:59:59 [main] INFO  stockmanage.Mainclass -  ENTER [6]:if you want to see customer order details  
""20:59:59 [main] INFO  stockmanage.Mainclass -  ENTER [7]:if you want to see your profile details   
""20:59:59 [main] INFO  stockmanage.Mainclass - -----------------------------------------------------------------------------
""20:59:59 [main] INFO  stockmanage.Mainclass -   enter the numer for you case : 
""21:00:01 [main] INFO  stockmanage.Mainclass - Enter the id of the product, which should have only numbers 
""21:00:08 [main] INFO  stockmanage.Mainclass - Enter the name of the product, which should have only letters 
""21:00:40 [main] INFO  stockmanage.Mainclass - Enter the price of the product, which should have only numbers 
""21:00:46 [main] INFO  stockmanage.Mainclass - Enter the count of the product, which should have only numbers 
""21:00:52 [main] INFO  stockmanage.Mainclass - your have succusfully added product details 
""21:00:52 [main] INFO  stockmanage.Mainclass - ----------------------------------------------------------------------------------------------------------
""21:00:52 [main] INFO  stockmanage.Mainclass -  enter <h> to return home OR enter <lg> to logout : 
""21:01:34 [main] INFO  stockmanage.Mainclass - ----------------------------------------------------------------------------------------------------------
""21:01:34 [main] INFO  stockmanage.Mainclass -  ENTER [1]: if you want to change the admin password   
"