"10:17:18 [main] INFO  stockmanage.Mainclass - 1003		differential			18000	 	30	 	2022-08-18
""10:17:18 [main] INFO  stockmanage.Mainclass - 1004		steering			3200	 	90	 	2022-08-18
""10:17:18 [main] INFO  stockmanage.Mainclass - 1005		enginecase			7400	 	24	 	2022-08-18
""10:17:18 [main] INFO  stockmanage.Mainclass - 1006		leafsprings			9000	 	74	 	2022-08-18
""10:17:18 [main] INFO  stockmanage.Mainclass - 1007		tyres			8200	 	57	 	2022-08-18
""10:17:18 [main] INFO  stockmanage.Mainclass - 1008		piston			6420	 	74	 	2022-08-18
""10:17:18 [main] INFO  stockmanage.Mainclass -  enter <h> to return home OR enter <lg> to logout : 
""10:19:10 [main] INFO  stockmanage.Mainclass - if you are admin enter below as <a> or if you user enter below as <c> or if you are new enter below as <n> for registration: 
""10:19:13 [main] INFO  stockmanage.Mainclass -  enter the name of admins username : 
""10:23:56 [main] INFO  stockmanage.Mainclass -  enter the  of admins password : 
""10:23:59 [main] INFO  stockmanage.Mainclass - admin username and password is verified
""10:23:59 [main] INFO  stockmanage.Mainclass - you haba been succesfull logged in
""10:23:59 [main] INFO  stockmanage.Mainclass - if you want to change the admin password enter - [1] or  
""10:23:59 [main] INFO  stockmanage.Mainclass - if you want to see the productd in the store enter - [2] or 
""10:23:59 [main] INFO  stockmanage.Mainclass - if you want to add  more productss into the store enter - [3] or 
""10:23:59 [main] INFO  stockmanage.Mainclass - if you want to delete products from the store enter - [4] or 
""10:23:59 [main] INFO  stockmanage.Mainclass - if you want to order the products for the store enter - [5] or 
""10:23:59 [main] INFO  stockmanage.Mainclass - if you want to see customer order details enter - [6]: or 
""10:23:59 [main] INFO  stockmanage.Mainclass - if you want to see your profile details enter - [7]:  
""10:23:59 [main] INFO  stockmanage.Mainclass - enter the numer for you case : 
""10:24:10 [main] INFO  stockmanage.Mainclass - enter product id  : 
""10:24:15 [main] INFO  stockmanage.Mainclass - enter  product name : 
""10:24:28 [main] INFO  stockmanage.Mainclass - enter product price : 
""10:24:32 [main] INFO  stockmanage.Mainclass - enter product count : 
""10:24:37 [main] INFO  stockmanage.Mainclass - your have succusfully added product details 
""10:24:37 [main] INFO  stockmanage.Mainclass -  enter <h> to return home OR enter <lg> to logout : 
""10:24:50 [main] INFO  stockmanage.Mainclass - you have been logged out !!!!
""10:24:58 [main] INFO  stockmanage.Mainclass - if you are admin enter below as <a> or if you user enter below as <c> or if you are new enter below as <n> for registration: 
""10:25:00 [main] INFO  stockmanage.Mainclass -  enter the name of admins username : 
""10:25:03 [main] INFO  stockmanage.Mainclass -  enter the  of admins password : 
""10:25:06 [main] INFO  stockmanage.Mainclass - admin username and password is verified
""10:25:06 [main] INFO  stockmanage.Mainclass - you haba been succesfull logged in
""10:25:06 [main] INFO  stockmanage.Mainclass - if you want to change the admin password enter - [1] or  
""10:25:06 [main] INFO  stockmanage.Mainclass - if you want to see the productd in the store enter - [2] or 
""10:25:06 [main] INFO  stockmanage.Mainclass - if you want to add  more productss into the store enter - [3] or 
""10:25:06 [main] INFO  stockmanage.Mainclass - if you want to delete products from the store enter - [4] or 
""10:25:06 [main] INFO  stockmanage.Mainclass - if you want to order the products for the store enter - [5] or 
""10:25:06 [main] INFO  stockmanage.Mainclass - if you want to see customer order details enter - [6]: or 
""10:25:06 [main] INFO  stockmanage.Mainclass - if you want to see your profile details enter - [7]:  
""10:25:06 [main] INFO  stockmanage.Mainclass - enter the numer for you case : 
""10:25:16 [main] INFO  stockmanage.Mainclass - enter product id  : 
""10:25:24 [main] INFO  stockmanage.Mainclass -  product has been deleted succesfully ....
""10:25:24 [main] INFO  stockmanage.Mainclass -  enter <h> to return home OR enter <lg> to logout : 
""10:25:34 [main] INFO  stockmanage.Mainclass - if you want to change the admin password enter - [1] or  
""10:25:34 [main] INFO  stockmanage.Mainclass - if you want to see the productd in the store enter - [2] or 
""10:25:34 [main] INFO  stockmanage.Mainclass - if you want to add  more productss into the store enter - [3] or 
""10:25:34 [main] INFO  stockmanage.Mainclass - if you want to delete products from the store enter - [4] or 
""10:25:34 [main] INFO  stockmanage.Mainclass - if you want to order the products for the store enter - [5] or 
""10:25:34 [main] INFO  stockmanage.Mainclass - if you want to see customer order details enter - [6]: or 
""10:25:34 [main] INFO  stockmanage.Mainclass - if you want to see your profile details enter - [7]:  
""10:25:34 [main] INFO  stockmanage.Mainclass - enter the numer for you case : 
""10:25:36 [main] INFO  stockmanage.Mainclass - product_id 	 product_name 	 product_price 	 product_avalible 	 producta_created_date
""10:25:36 [main] INFO  stockmanage.Mainclass - 1001		gear			5400	 	58	 	2022-08-18
""10:25:36 [main] INFO  stockmanage.Mainclass - 1003		differential			18000	 	30	 	2022-08-18
""10:25:36 [main] INFO  stockmanage.Mainclass - 1004		steering			3200	 	90	 	2022-08-18
""10:25:36 [main] INFO  stockmanage.Mainclass - 1005		enginecase			7400	 	24	 	2022-08-18
""10:25:36 [main] INFO  stockmanage.Mainclass - 1006		leafsprings			9000	 	74	 	2022-08-18
""10:25:36 [main] INFO  stockmanage.Mainclass - 1007		tyres			8200	 	57	 	2022-08-18
""10:25:36 [main] INFO  stockmanage.Mainclass - 1008		piston			6420	 	74	 	2022-08-18
""10:25:36 [main] INFO  stockmanage.Mainclass - 1056		crankcase			6500	 	96	 	2022-09-23
""10:25:36 [main] INFO  stockmanage.Mainclass -  enter <h> to return home OR enter <lg> to logout : 
""10:26:24 [main] INFO  stockmanage.Mainclass - if you want to change the admin password enter - [1] or  
""10:26:24 [main] INFO  stockmanage.Mainclass - if you want to see the productd in the store enter - [2] or 
""10:26:24 [main] INFO  stockmanage.Mainclass - if you want to add  more productss into the store enter - [3] or 
""10:26:24 [main] INFO  stockmanage.Mainclass - if you want to delete products from the store enter - [4] or 
""10:26:24 [main] INFO  stockmanage.Mainclass - if you want to order the products for the store enter - [5] or 
""10:26:24 [main] INFO  stockmanage.Mainclass - if you want to see customer order details enter - [6]: or 
""10:26:24 [main] INFO  stockmanage.Mainclass - if you want to see your profile details enter - [7]:  
""10:26:24 [main] INFO  stockmanage.Mainclass - enter the numer for you case : 
""10:26:26 [main] INFO  stockmanage.Mainclass - customer_id  		 customer_name 		 customer_phno 		 product_id  		 product_name  		 ordered_date  		 prodect_count 		 product_price 		 total_cost
""10:26:26 [main] INFO  stockmanage.Mainclass - select customer_id ,customer_name, customer_phno,product_id, product_name,ordered_date, prodect_count, product_price,total_cost from customer_order_details
""10:26:26 [main] INFO  stockmanage.Mainclass - select customer_id ,customer_name, customer_phno,product_id, product_name,ordered_date, prodect_count, product_price,total_cost from customer_order_details
""10:26:26 [main] INFO  stockmanage.Mainclass -  enter <h> to return home OR enter <lg> to logout : 
""10:27:56 [main] INFO  stockmanage.Mainclass - if you are admin enter below as <a> or if you user enter below as <c> or if you are new enter below as <n> for registration: 
""10:27:59 [main] INFO  stockmanage.Mainclass -  enter the name of admins username : 
""10:28:03 [main] INFO  stockmanage.Mainclass -  enter the  of admins password : 
""10:28:08 [main] INFO  stockmanage.Mainclass - admin username and password is verified
""10:28:08 [main] INFO  stockmanage.Mainclass - you haba been succesfull logged in
""10:28:08 [main] INFO  stockmanage.Mainclass - if you want to change the admin password enter - [1] or  
""10:28:08 [main] INFO  stockmanage.Mainclass - if you want to see the productd in the store enter - [2] or 
""10:28:08 [main] INFO  stockmanage.Mainclass - if you want to add  more productss into the store enter - [3] or 
""10:28:08 [main] INFO  stockmanage.Mainclass - if you want to delete products from the store enter - [4] or 
""10:28:08 [main] INFO  stockmanage.Mainclass - if you want to order the products for the store enter - [5] or 
""10:28:08 [main] INFO  stockmanage.Mainclass - if you want to see customer order details enter - [6]: or 
""10:28:08 [main] INFO  stockmanage.Mainclass - if you want to see your profile details enter - [7]:  
""10:28:08 [main] INFO  stockmanage.Mainclass - enter the numer for you case : 
""10:28:14 [main] INFO  stockmanage.Mainclass - customer_id  		 customer_name 		 customer_phno 		 product_id  		 product_name  		 ordered_date  		 prodect_count 		 product_price 		 total_cost
""10:28:14 [main] INFO  stockmanage.Mainclass - 1saikumar    6300521861    	 10107	   	 2022-08-25    	 3 		 0 		 0
""10:28:14 [main] INFO  stockmanage.Mainclass - 2ganesh    8309044235    	 10101	   	 2022-08-25    	 2 		 0 		 0
""10:28:14 [main] INFO  stockmanage.Mainclass -  enter <h> to return home OR enter <lg> to logout : 
""10:32:15 [main] INFO  stockmanage.Mainclass - if you are admin enter below as <a> or if you user enter below as <c> or if you are new enter below as <n> for registration: 
""10:32:18 [main] INFO  stockmanage.Mainclass -  enter the name of admins username : 
""10:32:25 [main] INFO  stockmanage.Mainclass -  enter the  of admins password : 
""10:32:30 [main] INFO  stockmanage.Mainclass - admin username and password is verified
""10:32:30 [main] INFO  stockmanage.Mainclass - you haba been succesfull logged in
""10:32:30 [main] INFO  stockmanage.Mainclass - if you want to change the admin password enter - [1] or  
""10:32:30 [main] INFO  stockmanage.Mainclass - if you want to see the productd in the store enter - [2] or 
""10:32:30 [main] INFO  stockmanage.Mainclass - if you want to add  more productss into the store enter - [3] or 
"