"13:13:08 [main] INFO  stockmanage.Mainclass -  ENTER '1' : if you are admin
""13:13:08 [main] INFO  stockmanage.Mainclass - ENTER '2' : if you are customer
""13:13:08 [main] INFO  stockmanage.Mainclass -  ENTER '3' : if you are new customer 
""13:13:08 [main] INFO  stockmanage.Mainclass -  enter your response here :  
""13:21:44 [main] INFO  stockmanage.Mainclass -  enter the admins username : 
""13:21:45 [main] INFO  stockmanage.Mainclass -  enter the   admins password : 
""13:21:49 [main] INFO  stockmanage.Mainclass - --------------------------------------------------
""13:21:49 [main] INFO  stockmanage.Mainclass - --------------------------------------------------
""13:21:49 [main] INFO  stockmanage.Mainclass - |                  welcome admin                  |
""13:21:49 [main] INFO  stockmanage.Mainclass - admin username and password is verified
""13:21:49 [main] INFO  stockmanage.Mainclass - you haba been succesfull logged in
""13:21:49 [main] INFO  stockmanage.Mainclass -  ENTER [1]: if you want to change the admin password   
""13:21:49 [main] INFO  stockmanage.Mainclass -  ENTER [2]:if you want to see the productd in the store  
""13:21:49 [main] INFO  stockmanage.Mainclass -  ENTER [3]:if you want to add  more productss into the  
""13:21:49 [main] INFO  stockmanage.Mainclass -  ENTER [4]:if you want to delete products from the store   
""13:21:49 [main] INFO  stockmanage.Mainclass -  ENTER [5]:if you want to order the products for the store   
""13:21:49 [main] INFO  stockmanage.Mainclass -  ENTER [6]:if you want to see customer order details  
""13:21:49 [main] INFO  stockmanage.Mainclass -  ENTER [7]:if you want to see your profile details   
""13:21:49 [main] INFO  stockmanage.Mainclass - -----------------------------------------------------------------------------
""13:21:49 [main] INFO  stockmanage.Mainclass -   enter the numer for you case : 
""13:21:53 [main] INFO  stockmanage.Mainclass - enter id of product : 
""13:22:01 [main] INFO  stockmanage.Mainclass - enter product seller name : 
""13:22:01 [main] INFO  stockmanage.Mainclass - enter number of products : 
""13:22:24 [main] INFO  stockmanage.Mainclass -  ENTER '1' : if you are admin
""13:22:24 [main] INFO  stockmanage.Mainclass - ENTER '2' : if you are customer
""13:22:24 [main] INFO  stockmanage.Mainclass -  ENTER '3' : if you are new customer 
""13:22:24 [main] INFO  stockmanage.Mainclass -  enter your response here :  
""13:22:28 [main] INFO  stockmanage.Mainclass -  enter the admins username : 
""13:22:33 [main] INFO  stockmanage.Mainclass -  enter the   admins password : 
""13:22:35 [main] INFO  stockmanage.Mainclass - --------------------------------------------------
""13:22:35 [main] INFO  stockmanage.Mainclass - --------------------------------------------------
""13:22:35 [main] INFO  stockmanage.Mainclass - |                  welcome admin                  |
""13:22:35 [main] INFO  stockmanage.Mainclass - admin username and password is verified
""13:22:35 [main] INFO  stockmanage.Mainclass - you haba been succesfull logged in
""13:22:35 [main] INFO  stockmanage.Mainclass -  ENTER [1]: if you want to change the admin password   
""13:22:35 [main] INFO  stockmanage.Mainclass -  ENTER [2]:if you want to see the productd in the store  
""13:22:35 [main] INFO  stockmanage.Mainclass -  ENTER [3]:if you want to add  more productss into the  
""13:22:35 [main] INFO  stockmanage.Mainclass -  ENTER [4]:if you want to delete products from the store   
""13:22:35 [main] INFO  stockmanage.Mainclass -  ENTER [5]:if you want to order the products for the store   
""13:22:35 [main] INFO  stockmanage.Mainclass -  ENTER [6]:if you want to see customer order details  
""13:22:35 [main] INFO  stockmanage.Mainclass -  ENTER [7]:if you want to see your profile details   
""13:22:35 [main] INFO  stockmanage.Mainclass - -----------------------------------------------------------------------------
""13:22:35 [main] INFO  stockmanage.Mainclass -   enter the numer for you case : 
""13:22:36 [main] INFO  stockmanage.Mainclass - enter id of product : 
""13:22:39 [main] INFO  stockmanage.Mainclass - oops product id already exists in store
""13:22:39 [main] INFO  stockmanage.Mainclass - enter id of product : 
""13:24:43 [main] INFO  stockmanage.Mainclass -  ENTER '1' : if you are admin
""13:24:43 [main] INFO  stockmanage.Mainclass - ENTER '2' : if you are customer
""13:24:43 [main] INFO  stockmanage.Mainclass -  ENTER '3' : if you are new customer 
""13:24:43 [main] INFO  stockmanage.Mainclass -  enter your response here :  
""13:24:47 [main] INFO  stockmanage.Mainclass -  enter the admins username : 
""13:24:49 [main] INFO  stockmanage.Mainclass -  enter the   admins password : 
""13:24:51 [main] INFO  stockmanage.Mainclass - --------------------------------------------------
""13:24:51 [main] INFO  stockmanage.Mainclass - --------------------------------------------------
""13:24:51 [main] INFO  stockmanage.Mainclass - |                  welcome admin                  |
""13:24:51 [main] INFO  stockmanage.Mainclass - admin username and password is verified
""13:24:51 [main] INFO  stockmanage.Mainclass - you haba been succesfull logged in
""13:24:51 [main] INFO  stockmanage.Mainclass -  ENTER [1]: if you want to change the admin password   
""13:24:51 [main] INFO  stockmanage.Mainclass -  ENTER [2]:if you want to see the productd in the store  
""13:24:51 [main] INFO  stockmanage.Mainclass -  ENTER [3]:if you want to add  more productss into the  
""13:24:51 [main] INFO  stockmanage.Mainclass -  ENTER [4]:if you want to delete products from the store   
""13:24:51 [main] INFO  stockmanage.Mainclass -  ENTER [5]:if you want to order the products for the store   
""13:24:51 [main] INFO  stockmanage.Mainclass -  ENTER [6]:if you want to see customer order details  
""13:24:51 [main] INFO  stockmanage.Mainclass -  ENTER [7]:if you want to see your profile details   
""13:24:51 [main] INFO  stockmanage.Mainclass - -----------------------------------------------------------------------------
""13:24:51 [main] INFO  stockmanage.Mainclass -   enter the numer for you case : 
""13:24:56 [main] INFO  stockmanage.Mainclass - product_id 	 product_name 	 product_price 	 product_avalible 	 producta_created_date
""13:24:56 [main] INFO  stockmanage.Mainclass - 1001		gear			5400	 	62	 	2022-08-18
""13:24:56 [main] INFO  stockmanage.Mainclass - 1003		differential			18000	 	111	 	2022-08-18
""13:24:56 [main] INFO  stockmanage.Mainclass - 1004		steering			3200	 	90	 	2022-08-18
""13:24:56 [main] INFO  stockmanage.Mainclass - 1005		enginecase			7400	 	24	 	2022-08-18
""13:24:56 [main] INFO  stockmanage.Mainclass - 1006		leafsprings			9000	 	74	 	2022-08-18
""13:24:56 [main] INFO  stockmanage.Mainclass - 1007		tyres			8200	 	57	 	2022-08-18
""13:24:56 [main] INFO  stockmanage.Mainclass - 1008		piston			6420	 	74	 	2022-08-18
""13:24:56 [main] INFO  stockmanage.Mainclass - 1056		crankcase			6500	 	96	 	2022-09-23
""13:24:56 [main] INFO  stockmanage.Mainclass - 1057		silencer			1600	 	300	 	2022-09-27
""13:24:56 [main] INFO  stockmanage.Mainclass - ----------------------------------------------------------------------------------------------------------
""13:24:56 [main] INFO  stockmanage.Mainclass -  enter <h> to return home OR enter <lg> to logout : 
""13:25:06 [main] INFO  stockmanage.Mainclass -  ENTER '1' : if you are admin
""13:25:06 [main] INFO  stockmanage.Mainclass - ENTER '2' : if you are customer
""13:25:06 [main] INFO  stockmanage.Mainclass -  ENTER '3' : if you are new customer 
""13:25:06 [main] INFO  stockmanage.Mainclass -  enter your response here :  
""13:25:08 [main] INFO  stockmanage.Mainclass -  enter the admins username : 
""13:25:09 [main] INFO  stockmanage.Mainclass -  enter the   admins password : 
""13:25:12 [main] INFO  stockmanage.Mainclass - --------------------------------------------------
""13:25:12 [main] INFO  stockmanage.Mainclass - --------------------------------------------------
""13:25:12 [main] INFO  stockmanage.Mainclass - |                  welcome admin                  |
""13:25:12 [main] INFO  stockmanage.Mainclass - admin username and password is verified
""13:25:12 [main] INFO  stockmanage.Mainclass - you haba been succesfull logged in
""13:25:12 [main] INFO  stockmanage.Mainclass -  ENTER [1]: if you want to change the admin password   
""13:25:12 [main] INFO  stockmanage.Mainclass -  ENTER [2]:if you want to see the productd in the store  
""13:25:12 [main] INFO  stockmanage.Mainclass -  ENTER [3]:if you want to add  more productss into the  
""13:25:12 [main] INFO  stockmanage.Mainclass -  ENTER [4]:if you want to delete products from the store   
""13:25:12 [main] INFO  stockmanage.Mainclass -  ENTER [5]:if you want to order the products for the store   
""13:25:12 [main] INFO  stockmanage.Mainclass -  ENTER [6]:if you want to see customer order details  
""13:25:12 [main] INFO  stockmanage.Mainclass -  ENTER [7]:if you want to see your profile details   
""13:25:12 [main] INFO  stockmanage.Mainclass - -----------------------------------------------------------------------------
""13:25:12 [main] INFO  stockmanage.Mainclass -   enter the numer for you case : 
""13:25:14 [main] INFO  stockmanage.Mainclass - enter id of product : 
""13:25:17 [main] INFO  stockmanage.Mainclass - enter product seller name : 
""13:25:28 [main] INFO  stockmanage.Mainclass - enter number of products : 
""13:26:06 [main] INFO  stockmanage.Mainclass -  ENTER '1' : if you are admin
""13:26:06 [main] INFO  stockmanage.Mainclass - ENTER '2' : if you are customer
""13:26:06 [main] INFO  stockmanage.Mainclass -  ENTER '3' : if you are new customer 
""13:26:06 [main] INFO  stockmanage.Mainclass -  enter your response here :  
""13:26:07 [main] INFO  stockmanage.Mainclass -  enter the admins username : 
""13:26:09 [main] INFO  stockmanage.Mainclass -  enter the   admins password : 
""13:26:12 [main] INFO  stockmanage.Mainclass - --------------------------------------------------
""13:26:12 [main] INFO  stockmanage.Mainclass - --------------------------------------------------
""13:26:12 [main] INFO  stockmanage.Mainclass - |                  welcome admin                  |
"