"10:51:30 [main] INFO  stockmanage.Mainclass - product_id 	 product_name 	 product_price 	 product_avalible 	 producta_created_date
""10:51:30 [main] INFO  stockmanage.Mainclass - 1001		gear			5400	 	109	 	2022-08-18
""10:51:30 [main] INFO  stockmanage.Mainclass - 1003		differential			18000	 	226	 	2022-08-18
""10:51:30 [main] INFO  stockmanage.Mainclass - 1004		steering			3200	 	90	 	2022-08-18
""10:51:30 [main] INFO  stockmanage.Mainclass - 1005		enginecase			7400	 	24	 	2022-08-18
""10:51:30 [main] INFO  stockmanage.Mainclass - 1006		leafsprings			9000	 	69	 	2022-08-18
""10:51:30 [main] INFO  stockmanage.Mainclass - 1007		tyres			8200	 	57	 	2022-08-18
""10:51:30 [main] INFO  stockmanage.Mainclass - 1008		piston			6420	 	74	 	2022-08-18
""10:51:30 [main] INFO  stockmanage.Mainclass - 1023		axle			2343	 	342	 	2022-10-01
""10:51:30 [main] INFO  stockmanage.Mainclass - 1056		crankcase			6500	 	96	 	2022-09-23
""10:51:30 [main] INFO  stockmanage.Mainclass - 8787		bolts			300	 	540	 	2022-10-11
""10:51:30 [main] INFO  stockmanage.Mainclass - 9889		piston rings			2300	 	356	 	2022-10-10
""10:51:30 [main] INFO  stockmanage.Mainclass - ----------------------------------------------------------------------------------------------------------
""10:51:30 [main] INFO  stockmanage.Mainclass -  enter <h> to return home OR enter <lg> to logout : 
""10:51:54 [main] INFO  stockmanage.Mainclass - ----------------------------------------------------------------------------------------------------------
""10:51:54 [main] INFO  stockmanage.Mainclass -  ENTER [1]: if you want to change the admin password   
""10:51:54 [main] INFO  stockmanage.Mainclass -  ENTER [2]:if you want to see the productd in the store  
""10:51:54 [main] INFO  stockmanage.Mainclass -  ENTER [3]:if you want to add  more productss into the  
""10:51:54 [main] INFO  stockmanage.Mainclass -  ENTER [4]:if you want to delete products from the store   
""10:51:54 [main] INFO  stockmanage.Mainclass -  ENTER [5]:if you want to order the products for the store   
""10:51:54 [main] INFO  stockmanage.Mainclass -  ENTER [6]:if you want to see customer order details  
""10:51:54 [main] INFO  stockmanage.Mainclass -  ENTER [7]:if you want to see your profile details   
""10:51:54 [main] INFO  stockmanage.Mainclass - -----------------------------------------------------------------------------
""10:51:54 [main] INFO  stockmanage.Mainclass -   enter the numer for you case : 
""10:52:05 [main] INFO  stockmanage.Mainclass - Enter the id of the product, which should have only numbers 
""10:52:16 [main] INFO  stockmanage.Mainclass - Enter valid product id 
""10:52:16 [main] INFO  stockmanage.Mainclass - Enter the id of the product, which should have only numbers 
""10:52:26 [main] INFO  stockmanage.Mainclass - oops product id already exists in store
""10:52:26 [main] INFO  stockmanage.Mainclass - Enter the id of the product, which should have only numbers 
""10:53:18 [main] INFO  stockmanage.Mainclass - Enter the name of the product, which should have only letters 
""10:53:28 [main] INFO  stockmanage.Mainclass - Enter the price of the product, which should have only numbers 
""10:53:33 [main] INFO  stockmanage.Mainclass - Enter the qantity of the product, which should have only numbers 
""10:53:41 [main] INFO  stockmanage.Mainclass - your have succusfully added product details 
""10:53:41 [main] INFO  stockmanage.Mainclass - ----------------------------------------------------------------------------------------------------------
""10:53:41 [main] INFO  stockmanage.Mainclass -  enter <h> to return home OR enter <lg> to logout : 
""10:53:50 [main] INFO  stockmanage.Mainclass - ----------------------------------------------------------------------------------------------------------
""10:53:50 [main] INFO  stockmanage.Mainclass -  ENTER [1]: if you want to change the admin password   
""10:53:50 [main] INFO  stockmanage.Mainclass -  ENTER [2]:if you want to see the productd in the store  
""10:53:50 [main] INFO  stockmanage.Mainclass -  ENTER [3]:if you want to add  more productss into the  
""10:53:50 [main] INFO  stockmanage.Mainclass -  ENTER [4]:if you want to delete products from the store   
""10:53:50 [main] INFO  stockmanage.Mainclass -  ENTER [5]:if you want to order the products for the store   
""10:53:50 [main] INFO  stockmanage.Mainclass -  ENTER [6]:if you want to see customer order details  
""10:53:50 [main] INFO  stockmanage.Mainclass -  ENTER [7]:if you want to see your profile details   
""10:53:50 [main] INFO  stockmanage.Mainclass - -----------------------------------------------------------------------------
""10:53:50 [main] INFO  stockmanage.Mainclass -   enter the numer for you case : 
""10:53:55 [main] INFO  stockmanage.Mainclass - Enter the id of the product, which should have only numbers 
""10:54:01 [main] INFO  stockmanage.Mainclass - oops product id already exists in store
""10:54:01 [main] INFO  stockmanage.Mainclass - Enter the id of the product, which should have only numbers 
""10:54:19 [main] INFO  stockmanage.Mainclass -  product has been deleted succesfully ....
""10:54:19 [main] INFO  stockmanage.Mainclass - ----------------------------------------------------------------------------------------------------------
""10:54:19 [main] INFO  stockmanage.Mainclass -  enter <h> to return home OR enter <lg> to logout : 
""10:54:32 [main] INFO  stockmanage.Mainclass - ----------------------------------------------------------------------------------------------------------
""10:54:32 [main] INFO  stockmanage.Mainclass -  ENTER [1]: if you want to change the admin password   
""10:54:32 [main] INFO  stockmanage.Mainclass -  ENTER [2]:if you want to see the productd in the store  
""10:54:32 [main] INFO  stockmanage.Mainclass -  ENTER [3]:if you want to add  more productss into the  
""10:54:32 [main] INFO  stockmanage.Mainclass -  ENTER [4]:if you want to delete products from the store   
""10:54:32 [main] INFO  stockmanage.Mainclass -  ENTER [5]:if you want to order the products for the store   
""10:54:32 [main] INFO  stockmanage.Mainclass -  ENTER [6]:if you want to see customer order details  
""10:54:32 [main] INFO  stockmanage.Mainclass -  ENTER [7]:if you want to see your profile details   
""10:54:32 [main] INFO  stockmanage.Mainclass - -----------------------------------------------------------------------------
""10:54:32 [main] INFO  stockmanage.Mainclass -   enter the numer for you case : 
""10:54:33 [main] INFO  stockmanage.Mainclass - Enter the id of the product, which should have only numbers 
""10:54:39 [main] INFO  stockmanage.Mainclass - oops product id   does not exists in store
""10:54:39 [main] INFO  stockmanage.Mainclass - Enter the id of the product, which should have only numbers 
""10:54:55 [main] INFO  stockmanage.Mainclass - Enter the name of the seller, which should have only letters 
""10:55:06 [main] INFO  stockmanage.Mainclass - Enter the qantity of the product, which should have only numbers 
""10:55:12 [main] INFO  stockmanage.Mainclass - If you want to order more products then enter <1> , else enter <0> : 
""10:55:24 [main] INFO  stockmanage.Mainclass - Enter the id of the product, which should have only numbers 
""10:56:19 [main] INFO  stockmanage.Mainclass - Enter the name of the seller, which should have only letters 
""10:56:22 [main] INFO  stockmanage.Mainclass - Enter valid product name 
""10:56:22 [main] INFO  stockmanage.Mainclass - Enter the name of the seller, which should have only letters 
""10:56:41 [main] INFO  stockmanage.Mainclass - Enter the qantity of the product, which should have only numbers 
""10:56:43 [main] INFO  stockmanage.Mainclass - If you want to order more products then enter <1> , else enter <0> : 
""10:56:53 [main] INFO  stockmanage.Mainclass - your order is placed succesfully !!!!! 
""10:56:53 [main] INFO  stockmanage.Mainclass - ----------------------------------------------------------------------------------------------------------
""10:56:53 [main] INFO  stockmanage.Mainclass -  enter <h> to return home OR enter <lg> to logout : 
""10:57:02 [main] INFO  stockmanage.Mainclass - ----------------------------------------------------------------------------------------------------------
""10:57:02 [main] INFO  stockmanage.Mainclass -  ENTER [1]: if you want to change the admin password   
""10:57:02 [main] INFO  stockmanage.Mainclass -  ENTER [2]:if you want to see the productd in the store  
""10:57:02 [main] INFO  stockmanage.Mainclass -  ENTER [3]:if you want to add  more productss into the  
""10:57:02 [main] INFO  stockmanage.Mainclass -  ENTER [4]:if you want to delete products from the store   
""10:57:02 [main] INFO  stockmanage.Mainclass -  ENTER [5]:if you want to order the products for the store   
""10:57:02 [main] INFO  stockmanage.Mainclass -  ENTER [6]:if you want to see customer order details  
""10:57:02 [main] INFO  stockmanage.Mainclass -  ENTER [7]:if you want to see your profile details   
""10:57:02 [main] INFO  stockmanage.Mainclass - -----------------------------------------------------------------------------
""10:57:02 [main] INFO  stockmanage.Mainclass -   enter the numer for you case : 
""10:57:11 [main] INFO  stockmanage.Mainclass - customer_username 	customer_phno 	product_name 	ordered_date 	prodect_count 
""10:57:11 [main] INFO  stockmanage.Mainclass - parvi	0				2022-09-26		10
""10:57:11 [main] INFO  stockmanage.Mainclass - parvi	0				2022-09-26		10
""10:57:11 [main] INFO  stockmanage.Mainclass - parvi	0		gear		2022-09-26		10
""10:57:11 [main] INFO  stockmanage.Mainclass - parvi	7895629645		gear		2022-09-26		10
""10:57:11 [main] INFO  stockmanage.Mainclass - parvi	7895629645				2022-09-26		2
""10:57:11 [main] INFO  stockmanage.Mainclass - mahi	9485367854		gear		2022-10-03		5
""10:57:11 [main] INFO  stockmanage.Mainclass - ragiv	987451224		differential		2022-10-11		5
""10:57:11 [main] INFO  stockmanage.Mainclass - ragiv	987451224		gear		2022-10-11		5
""10:57:11 [main] INFO  stockmanage.Mainclass - ----------------------------------------------------------------------------------------------------------
"