"15:32:52 [main] INFO  stockmanage.Mainclass -  enter the   admins password : 
""15:32:54 [main] INFO  stockmanage.Mainclass -   \  admin123
""15:32:54 [main] INFO  stockmanage.Mainclass - admin username and password is verified
""15:32:54 [main] INFO  stockmanage.Mainclass - you haba been succesfull logged in
""15:32:54 [main] INFO  stockmanage.Mainclass - if you want to change the admin password enter - [1] or  
""15:32:54 [main] INFO  stockmanage.Mainclass - if you want to see the productd in the store enter - [2] or 
""15:32:54 [main] INFO  stockmanage.Mainclass - if you want to add  more productss into the store enter - [3] or 
""15:32:54 [main] INFO  stockmanage.Mainclass - if you want to delete products from the store enter - [4] or 
""15:32:54 [main] INFO  stockmanage.Mainclass - if you want to order the products for the store enter - [5] or 
""15:32:54 [main] INFO  stockmanage.Mainclass - if you want to see customer order details enter - [6]: or 
""15:32:54 [main] INFO  stockmanage.Mainclass - if you want to see your profile details enter - [7]:  
""15:32:54 [main] INFO  stockmanage.Mainclass - enter the numer for you case : 
""15:46:27 [main] INFO  stockmanage.Mainclass - if you are admin enter below as <a> or if you user enter below as <c> or if you are new enter below as <n> for registration: 
""15:46:31 [main] INFO  stockmanage.Mainclass -  enter the  coustomers username : 
""15:46:37 [main] INFO  stockmanage.Mainclass - parvi
""15:46:37 [main] INFO  stockmanage.Mainclass -  enter the  of customer password : 
""15:49:56 [main] INFO  stockmanage.Mainclass - if you are admin enter below as <a> or if you user enter below as <c> or if you are new enter below as <n> for registration: 
""15:50:02 [main] INFO  stockmanage.Mainclass -  enter the  coustomers username : 
""15:50:10 [main] INFO  stockmanage.Mainclass -  enter the  of customer password : 
""15:50:16 [main] INFO  stockmanage.Mainclass - enterd login details are not correct
""15:50:16 [main] INFO  stockmanage.Mainclass -  enter the  coustomers username : 
""15:51:01 [main] INFO  stockmanage.Mainclass - if you are admin enter below as <a> or if you user enter below as <c> or if you are new enter below as <n> for registration: 
""15:51:06 [main] INFO  stockmanage.Mainclass -  enter the  coustomers username : 
""15:51:13 [main] INFO  stockmanage.Mainclass -  enter the  of customer password : 
""15:51:17 [main] INFO  stockmanage.Mainclass - customer username and password is verified
""15:51:17 [main] INFO  stockmanage.Mainclass - you haba been succesfull logged in
""15:51:17 [main] INFO  stockmanage.Mainclass - ENTER [1]: if you want to change the password    
""15:51:17 [main] INFO  stockmanage.Mainclass - ENTER [2]: if you want to see the products and their details in the store   
""15:51:17 [main] INFO  stockmanage.Mainclass - ENTER [3]: if you want to buy products in  the store enter  
""15:51:17 [main] INFO  stockmanage.Mainclass - ENTER [4]: if you want to see the products that you have ordered 
""15:51:17 [main] INFO  stockmanage.Mainclass - ENTER [5]: if you want to see the profile   
""15:51:17 [main] INFO  stockmanage.Mainclass - ----------------------------------------------------------------------------------------------------------
""15:51:17 [main] INFO  stockmanage.Mainclass - enter the number for your case : 
""15:51:28 [main] INFO  stockmanage.Mainclass -  product_id   	product_name 		product_price 	product_avalible 	 producta_created_date
""15:51:28 [main] INFO  stockmanage.Mainclass - 1001	 		gear			5400	 	46	 	2022-08-18
""15:51:28 [main] INFO  stockmanage.Mainclass - 1003	 		differential			18000	 	111	 	2022-08-18
""15:51:28 [main] INFO  stockmanage.Mainclass - 1004	 		steering			3200	 	90	 	2022-08-18
""15:51:28 [main] INFO  stockmanage.Mainclass - 1005	 		enginecase			7400	 	24	 	2022-08-18
""15:51:28 [main] INFO  stockmanage.Mainclass - 1006	 		leafsprings			9000	 	74	 	2022-08-18
""15:51:28 [main] INFO  stockmanage.Mainclass - 1007	 		tyres			8200	 	57	 	2022-08-18
""15:51:28 [main] INFO  stockmanage.Mainclass - 1008	 		piston			6420	 	74	 	2022-08-18
""15:51:28 [main] INFO  stockmanage.Mainclass - 1056	 		crankcase			6500	 	96	 	2022-09-23
""15:51:28 [main] INFO  stockmanage.Mainclass -  enter <h> to return home OR enter <lg> to logout : 
""15:51:34 [main] INFO  stockmanage.Mainclass - ENTER [1]: if you want to change the password    
""15:51:34 [main] INFO  stockmanage.Mainclass - ENTER [2]: if you want to see the products and their details in the store   
""15:51:34 [main] INFO  stockmanage.Mainclass - ENTER [3]: if you want to buy products in  the store enter  
""15:51:34 [main] INFO  stockmanage.Mainclass - ENTER [4]: if you want to see the products that you have ordered 
""15:51:34 [main] INFO  stockmanage.Mainclass - ENTER [5]: if you want to see the profile   
""15:51:34 [main] INFO  stockmanage.Mainclass - ----------------------------------------------------------------------------------------------------------
""15:51:34 [main] INFO  stockmanage.Mainclass - enter the number for your case : 
""16:43:47 [main] INFO  stockmanage.Mainclass - if you are admin enter below as <a> or if you user enter below as <c> or if you are new enter below as <n> for registration: 
""16:44:16 [main] INFO  stockmanage.Mainclass -  enter the  coustomers username : 
""16:44:19 [main] INFO  stockmanage.Mainclass -  enter the  of customer password : 
""16:44:24 [main] INFO  stockmanage.Mainclass - customer username and password is verified
""16:44:24 [main] INFO  stockmanage.Mainclass - you haba been succesfull logged in
""16:44:24 [main] INFO  stockmanage.Mainclass - ENTER [1]: if you want to change the password    
""16:44:24 [main] INFO  stockmanage.Mainclass - ENTER [2]: if you want to see the products and their details in the store   
""16:44:24 [main] INFO  stockmanage.Mainclass - ENTER [3]: if you want to buy products in  the store enter  
""16:44:24 [main] INFO  stockmanage.Mainclass - ENTER [4]: if you want to see the products that you have ordered 
""16:44:24 [main] INFO  stockmanage.Mainclass - ENTER [5]: if you want to see the profile   
""16:44:24 [main] INFO  stockmanage.Mainclass - ----------------------------------------------------------------------------------------------------------
""16:44:24 [main] INFO  stockmanage.Mainclass - enter the number for your case : 
""16:44:42 [main] INFO  stockmanage.Mainclass - enter product id : 
""16:44:48 [main] INFO  stockmanage.Mainclass - enter number of products : 
""16:45:02 [main] INFO  stockmanage.Mainclass - if you are admin enter below as <a> or if you user enter below as <c> or if you are new enter below as <n> for registration: 
""16:45:04 [main] INFO  stockmanage.Mainclass -  enter the  coustomers username : 
""16:45:23 [main] INFO  stockmanage.Mainclass -  enter the  of customer password : 
""16:45:26 [main] INFO  stockmanage.Mainclass - customer username and password is verified
""16:45:26 [main] INFO  stockmanage.Mainclass - you haba been succesfull logged in
""16:45:26 [main] INFO  stockmanage.Mainclass - ENTER [1]: if you want to change the password    
""16:45:26 [main] INFO  stockmanage.Mainclass - ENTER [2]: if you want to see the products and their details in the store   
""16:45:26 [main] INFO  stockmanage.Mainclass - ENTER [3]: if you want to buy products in  the store enter  
""16:45:26 [main] INFO  stockmanage.Mainclass - ENTER [4]: if you want to see the products that you have ordered 
""16:45:26 [main] INFO  stockmanage.Mainclass - ENTER [5]: if you want to see the profile   
""16:45:26 [main] INFO  stockmanage.Mainclass - ----------------------------------------------------------------------------------------------------------
""16:45:26 [main] INFO  stockmanage.Mainclass - enter the number for your case : 
""16:45:29 [main] INFO  stockmanage.Mainclass -  product_id   	product_name 		product_price 	product_avalible 	 producta_created_date
""16:45:29 [main] INFO  stockmanage.Mainclass - 1001	 		gear			5400	 	46	 	2022-08-18
""16:45:29 [main] INFO  stockmanage.Mainclass - 1003	 		differential			18000	 	111	 	2022-08-18
""16:45:29 [main] INFO  stockmanage.Mainclass - 1004	 		steering			3200	 	90	 	2022-08-18
""16:45:29 [main] INFO  stockmanage.Mainclass - 1005	 		enginecase			7400	 	24	 	2022-08-18
""16:45:29 [main] INFO  stockmanage.Mainclass - 1006	 		leafsprings			9000	 	74	 	2022-08-18
""16:45:29 [main] INFO  stockmanage.Mainclass - 1007	 		tyres			8200	 	57	 	2022-08-18
""16:45:29 [main] INFO  stockmanage.Mainclass - 1008	 		piston			6420	 	74	 	2022-08-18
""16:45:29 [main] INFO  stockmanage.Mainclass - 1056	 		crankcase			6500	 	96	 	2022-09-23
""16:45:29 [main] INFO  stockmanage.Mainclass -  enter <h> to return home OR enter <lg> to logout : 
""16:45:35 [main] INFO  stockmanage.Mainclass - you have been logged out !!!!
""16:45:43 [main] INFO  stockmanage.Mainclass - if you are admin enter below as <a> or if you user enter below as <c> or if you are new enter below as <n> for registration: 
""16:45:46 [main] INFO  stockmanage.Mainclass -  enter the  coustomers username : 
""16:45:48 [main] INFO  stockmanage.Mainclass -  enter the  of customer password : 
""16:45:52 [main] INFO  stockmanage.Mainclass - customer username and password is verified
""16:45:52 [main] INFO  stockmanage.Mainclass - you haba been succesfull logged in
""16:45:52 [main] INFO  stockmanage.Mainclass - ENTER [1]: if you want to change the password    
""16:45:52 [main] INFO  stockmanage.Mainclass - ENTER [2]: if you want to see the products and their details in the store   
""16:45:52 [main] INFO  stockmanage.Mainclass - ENTER [3]: if you want to buy products in  the store enter  
""16:45:52 [main] INFO  stockmanage.Mainclass - ENTER [4]: if you want to see the products that you have ordered 
""16:45:52 [main] INFO  stockmanage.Mainclass - ENTER [5]: if you want to see the profile   
""16:45:52 [main] INFO  stockmanage.Mainclass - ----------------------------------------------------------------------------------------------------------
""16:45:52 [main] INFO  stockmanage.Mainclass - enter the number for your case : 
""16:45:54 [main] INFO  stockmanage.Mainclass - enter product id : 
"