2023-06-12 17:01:41.899  INFO 26808 --- [restartedMain] c.v.m.StockManagementprojApplication     : Starting StockManagementprojApplication using Java 17.0.7 on CFLNAVALUR4686 with PID 26808 (C:\Users\saiejjipurapu\Desktop\Spring WorkSpace\SpringbootRestAPIproject\target\classes started by SAIEJJIPURAPU in C:\Users\saiejjipurapu\Desktop\Spring WorkSpace\SpringbootRestAPIproject)
2023-06-12 17:01:41.914  INFO 26808 --- [restartedMain] c.v.m.StockManagementprojApplication     : No active profile set, falling back to 1 default profile: "default"
2023-06-12 17:01:42.127  INFO 26808 --- [restartedMain] .e.DevToolsPropertyDefaultsPostProcessor : Devtools property defaults active! Set 'spring.devtools.add-properties' to 'false' to disable
2023-06-12 17:01:42.128  INFO 26808 --- [restartedMain] .e.DevToolsPropertyDefaultsPostProcessor : For additional web related logging consider setting the 'logging.level.web' property to 'DEBUG'
2023-06-12 17:01:44.413  INFO 26808 --- [restartedMain] .s.d.r.c.RepositoryConfigurationDelegate : Bootstrapping Spring Data JPA repositories in DEFAULT mode.
2023-06-12 17:01:44.580  INFO 26808 --- [restartedMain] .s.d.r.c.RepositoryConfigurationDelegate : Finished Spring Data repository scanning in 144 ms. Found 8 JPA repository interfaces.
2023-06-12 17:01:45.951  INFO 26808 --- [restartedMain] o.s.b.w.embedded.tomcat.TomcatWebServer  : Tomcat initialized with port(s): 8088 (http)
2023-06-12 17:01:45.971  INFO 26808 --- [restartedMain] o.apache.catalina.core.StandardService   : Starting service [Tomcat]
2023-06-12 17:01:45.973  INFO 26808 --- [restartedMain] org.apache.catalina.core.StandardEngine  : Starting Servlet engine: [Apache Tomcat/9.0.65]
2023-06-12 17:01:46.260  INFO 26808 --- [restartedMain] o.a.c.c.C.[Tomcat].[localhost].[/]       : Initializing Spring embedded WebApplicationContext
2023-06-12 17:01:46.262  INFO 26808 --- [restartedMain] w.s.c.ServletWebServerApplicationContext : Root WebApplicationContext: initialization completed in 4131 ms
2023-06-12 17:01:46.636  WARN 26808 --- [restartedMain] c.h.i.impl.HazelcastInstanceFactory      : Hazelcast is starting in a Java modular environment (Java 9 and newer) but without proper access to required Java packages. Use additional Java arguments to provide Hazelcast access to Java internal API. The internal API access is used to get the best performance results. Arguments to be used:
 --add-modules java.se --add-exports java.base/jdk.internal.ref=ALL-UNNAMED --add-opens java.base/java.lang=ALL-UNNAMED --add-opens java.base/sun.nio.ch=ALL-UNNAMED --add-opens java.management/sun.management=ALL-UNNAMED --add-opens jdk.management/com.sun.management.internal=ALL-UNNAMED
2023-06-12 17:01:47.208  INFO 26808 --- [restartedMain] com.hazelcast.system.logo                : [192.168.29.107]:5701 [dev] [5.1.3] 
	+       +  o    o     o     o---o o----o o      o---o     o     o----o o--o--o
	+ +   + +  |    |    / \       /  |      |     /         / \    |         |   
	+ + + + +  o----o   o   o     o   o----o |    o         o   o   o----o    |   
	+ +   + +  |    |  /     \   /    |      |     \       /     \       |    |   
	+       +  o    o o       o o---o o----o o----o o---o o       o o----o    o   
2023-06-12 17:01:47.210  INFO 26808 --- [restartedMain] com.hazelcast.system                     : [192.168.29.107]:5701 [dev] [5.1.3] Copyright (c) 2008-2022, Hazelcast, Inc. All Rights Reserved.
2023-06-12 17:01:47.210  INFO 26808 --- [restartedMain] com.hazelcast.system                     : [192.168.29.107]:5701 [dev] [5.1.3] Hazelcast Platform 5.1.3 (20220801 - 93838b2) starting at [192.168.29.107]:5701
2023-06-12 17:01:47.211  INFO 26808 --- [restartedMain] com.hazelcast.system                     : [192.168.29.107]:5701 [dev] [5.1.3] Cluster name: dev
2023-06-12 17:01:47.211  INFO 26808 --- [restartedMain] com.hazelcast.system                     : [192.168.29.107]:5701 [dev] [5.1.3] Integrity Checker is disabled. Fail-fast on corrupted executables will not be performed.
To enable integrity checker do one of the following: 
  - Change member config using Java API: config.setIntegrityCheckerEnabled(true);
  - Change XML/YAML configuration property: Set hazelcast.integrity-checker.enabled to true
  - Add system property: -Dhz.integritychecker.enabled=true (for Hazelcast embedded, works only when loading config via Config.load)
  - Add environment variable: HZ_INTEGRITYCHECKER_ENABLED=true (recommended when running container image. For Hazelcast embedded, works only when loading config via Config.load)
2023-06-12 17:01:47.219  INFO 26808 --- [restartedMain] com.hazelcast.system                     : [192.168.29.107]:5701 [dev] [5.1.3] The Jet engine is disabled.
To enable the Jet engine on the members, do one of the following:
  - Change member config using Java API: config.getJetConfig().setEnabled(true)
  - Change XML/YAML configuration property: Set hazelcast.jet.enabled to true
  - Add system property: -Dhz.jet.enabled=true (for Hazelcast embedded, works only when loading config via Config.load)
  - Add environment variable: HZ_JET_ENABLED=true (recommended when running container image. For Hazelcast embedded, works only when loading config via Config.load)
2023-06-12 17:01:48.074  INFO 26808 --- [restartedMain] com.hazelcast.system.security            : [192.168.29.107]:5701 [dev] [5.1.3] Enable DEBUG/FINE log level for log category com.hazelcast.system.security  or use -Dhazelcast.security.recommendations system property to see security recommendations and the status of current config.
2023-06-12 17:01:48.241  WARN 26808 --- [restartedMain] com.hazelcast.instance.impl.Node         : [192.168.29.107]:5701 [dev] [5.1.3] Invalid argument: no further information

java.net.SocketException: Invalid argument: no further information
	at java.base/sun.nio.ch.Net.setInterface6(Native Method) ~[na:na]
	at java.base/sun.nio.ch.DatagramChannelImpl.setOption(DatagramChannelImpl.java:364) ~[na:na]
	at java.base/sun.nio.ch.DatagramSocketAdaptor.setOption(DatagramSocketAdaptor.java:420) ~[na:na]
	at java.base/sun.nio.ch.DatagramSocketAdaptor.setNetworkInterface(DatagramSocketAdaptor.java:605) ~[na:na]
	at java.base/sun.nio.ch.DatagramSocketAdaptor.setInterface(DatagramSocketAdaptor.java:569) ~[na:na]
	at java.base/java.net.MulticastSocket.setInterface(MulticastSocket.java:405) ~[na:na]
	at com.hazelcast.internal.cluster.impl.MulticastService.configureMulticastSocket(MulticastService.java:162) ~[hazelcast-5.1.3.jar:5.1.3]
	at com.hazelcast.internal.cluster.impl.MulticastService.createMulticastService(MulticastService.java:115) ~[hazelcast-5.1.3.jar:5.1.3]
	at com.hazelcast.instance.impl.Node.<init>(Node.java:273) ~[hazelcast-5.1.3.jar:5.1.3]
	at com.hazelcast.instance.impl.HazelcastInstanceImpl.createNode(HazelcastInstanceImpl.java:149) ~[hazelcast-5.1.3.jar:5.1.3]
	at com.hazelcast.instance.impl.HazelcastInstanceImpl.<init>(HazelcastInstanceImpl.java:118) ~[hazelcast-5.1.3.jar:5.1.3]
	at com.hazelcast.instance.impl.HazelcastInstanceFactory.constructHazelcastInstance(HazelcastInstanceFactory.java:217) ~[hazelcast-5.1.3.jar:5.1.3]
	at com.hazelcast.instance.impl.HazelcastInstanceFactory.getOrCreateHazelcastInstance(HazelcastInstanceFactory.java:114) ~[hazelcast-5.1.3.jar:5.1.3]
	at com.hazelcast.core.Hazelcast.getOrCreateHazelcastInstance(Hazelcast.java:169) ~[hazelcast-5.1.3.jar:5.1.3]
	at org.springframework.boot.autoconfigure.hazelcast.HazelcastServerConfiguration.getHazelcastInstance(HazelcastServerConfiguration.java:57) ~[spring-boot-autoconfigure-2.7.3.jar:2.7.3]
	at org.springframework.boot.autoconfigure.hazelcast.HazelcastServerConfiguration.access$000(HazelcastServerConfiguration.java:51) ~[spring-boot-autoconfigure-2.7.3.jar:2.7.3]
	at org.springframework.boot.autoconfigure.hazelcast.HazelcastServerConfiguration$HazelcastServerConfigConfiguration.hazelcastInstance(HazelcastServerConfiguration.java:105) ~[spring-boot-autoconfigure-2.7.3.jar:2.7.3]
	at java.base/jdk.internal.reflect.NativeMethodAccessorImpl.invoke0(Native Method) ~[na:na]
	at java.base/jdk.internal.reflect.NativeMethodAccessorImpl.invoke(NativeMethodAccessorImpl.java:77) ~[na:na]
	at java.base/jdk.internal.reflect.DelegatingMethodAccessorImpl.invoke(DelegatingMethodAccessorImpl.java:43) ~[na:na]
	at java.base/java.lang.reflect.Method.invoke(Method.java:568) ~[na:na]
	at org.springframework.beans.factory.support.SimpleInstantiationStrategy.instantiate(SimpleInstantiationStrategy.java:154) ~[spring-beans-5.3.22.jar:5.3.22]
	at org.springframework.beans.factory.support.ConstructorResolver.instantiate(ConstructorResolver.java:653) ~[spring-beans-5.3.22.jar:5.3.22]
	at org.springframework.beans.factory.support.ConstructorResolver.instantiateUsingFactoryMethod(ConstructorResolver.java:638) ~[spring-beans-5.3.22.jar:5.3.22]
	at org.springframework.beans.factory.support.AbstractAutowireCapableBeanFactory.instantiateUsingFactoryMethod(AbstractAutowireCapableBeanFactory.java:1352) ~[spring-beans-5.3.22.jar:5.3.22]
	at org.springframework.beans.factory.support.AbstractAutowireCapableBeanFactory.createBeanInstance(AbstractAutowireCapableBeanFactory.java:1195) ~[spring-beans-5.3.22.jar:5.3.22]
	at org.springframework.beans.factory.support.AbstractAutowireCapableBeanFactory.doCreateBean(AbstractAutowireCapableBeanFactory.java:582) ~[spring-beans-5.3.22.jar:5.3.22]
	at org.springframework.beans.factory.support.AbstractAutowireCapableBeanFactory.createBean(AbstractAutowireCapableBeanFactory.java:542) ~[spring-beans-5.3.22.jar:5.3.22]
	at org.springframework.beans.factory.support.AbstractBeanFactory.lambda$doGetBean$0(AbstractBeanFactory.java:335) ~[spring-beans-5.3.22.jar:5.3.22]
	at org.springframework.beans.factory.support.DefaultSingletonBeanRegistry.getSingleton(DefaultSingletonBeanRegistry.java:234) ~[spring-beans-5.3.22.jar:5.3.22]
	at org.springframework.beans.factory.support.AbstractBeanFactory.doGetBean(AbstractBeanFactory.java:333) ~[spring-beans-5.3.22.jar:5.3.22]
	at org.springframework.beans.factory.support.AbstractBeanFactory.getBean(AbstractBeanFactory.java:208) ~[spring-beans-5.3.22.jar:5.3.22]
	at org.springframework.beans.factory.config.DependencyDescriptor.resolveCandidate(DependencyDescriptor.java:276) ~[spring-beans-5.3.22.jar:5.3.22]
	at org.springframework.beans.factory.support.DefaultListableBeanFactory.doResolveDependency(DefaultListableBeanFactory.java:1391) ~[spring-beans-5.3.22.jar:5.3.22]
	at org.springframework.beans.factory.support.DefaultListableBeanFactory.resolveDependency(DefaultListableBeanFactory.java:1311) ~[spring-beans-5.3.22.jar:5.3.22]
	at org.springframework.beans.factory.support.ConstructorResolver.resolveAutowiredArgument(ConstructorResolver.java:887) ~[spring-beans-5.3.22.jar:5.3.22]
	at org.springframework.beans.factory.support.ConstructorResolver.createArgumentArray(ConstructorResolver.java:791) ~[spring-beans-5.3.22.jar:5.3.22]
	at org.springframework.beans.factory.support.ConstructorResolver.instantiateUsingFactoryMethod(ConstructorResolver.java:541) ~[spring-beans-5.3.22.jar:5.3.22]
	at org.springframework.beans.factory.support.AbstractAutowireCapableBeanFactory.instantiateUsingFactoryMethod(AbstractAutowireCapableBeanFactory.java:1352) ~[spring-beans-5.3.22.jar:5.3.22]
	at org.springframework.beans.factory.support.AbstractAutowireCapableBeanFactory.createBeanInstance(AbstractAutowireCapableBeanFactory.java:1195) ~[spring-beans-5.3.22.jar:5.3.22]
	at org.springframework.beans.factory.support.AbstractAutowireCapableBeanFactory.doCreateBean(AbstractAutowireCapableBeanFactory.java:582) ~[spring-beans-5.3.22.jar:5.3.22]
	at org.springframework.beans.factory.support.AbstractAutowireCapableBeanFactory.createBean(AbstractAutowireCapableBeanFactory.java:542) ~[spring-beans-5.3.22.jar:5.3.22]
	at org.springframework.beans.factory.support.AbstractBeanFactory.lambda$doGetBean$0(AbstractBeanFactory.java:335) ~[spring-beans-5.3.22.jar:5.3.22]
	at org.springframework.beans.factory.support.DefaultSingletonBeanRegistry.getSingleton(DefaultSingletonBeanRegistry.java:234) ~[spring-beans-5.3.22.jar:5.3.22]
	at org.springframework.beans.factory.support.AbstractBeanFactory.doGetBean(AbstractBeanFactory.java:333) ~[spring-beans-5.3.22.jar:5.3.22]
	at org.springframework.beans.factory.support.AbstractBeanFactory.getBean(AbstractBeanFactory.java:208) ~[spring-beans-5.3.22.jar:5.3.22]
	at org.springframework.beans.factory.support.AbstractBeanFactory.doGetBean(AbstractBeanFactory.java:322) ~[spring-beans-5.3.22.jar:5.3.22]
	at org.springframework.beans.factory.support.AbstractBeanFactory.getBean(AbstractBeanFactory.java:208) ~[spring-beans-5.3.22.jar:5.3.22]
	at org.springframework.beans.factory.support.BeanDefinitionValueResolver.resolveReference(BeanDefinitionValueResolver.java:330) ~[spring-beans-5.3.22.jar:5.3.22]
	at org.springframework.beans.factory.support.BeanDefinitionValueResolver.resolveValueIfNecessary(BeanDefinitionValueResolver.java:113) ~[spring-beans-5.3.22.jar:5.3.22]
	at org.springframework.beans.factory.support.ConstructorResolver.resolveConstructorArguments(ConstructorResolver.java:693) ~[spring-beans-5.3.22.jar:5.3.22]
	at org.springframework.beans.factory.support.ConstructorResolver.instantiateUsingFactoryMethod(ConstructorResolver.java:510) ~[spring-beans-5.3.22.jar:5.3.22]
	at org.springframework.beans.factory.support.AbstractAutowireCapableBeanFactory.instantiateUsingFactoryMethod(AbstractAutowireCapableBeanFactory.java:1352) ~[spring-beans-5.3.22.jar:5.3.22]
	at org.springframework.beans.factory.support.AbstractAutowireCapableBeanFactory.createBeanInstance(AbstractAutowireCapableBeanFactory.java:1195) ~[spring-beans-5.3.22.jar:5.3.22]
	at org.springframework.beans.factory.support.AbstractAutowireCapableBeanFactory.doCreateBean(AbstractAutowireCapableBeanFactory.java:582) ~[spring-beans-5.3.22.jar:5.3.22]
	at org.springframework.beans.factory.support.AbstractAutowireCapableBeanFactory.createBean(AbstractAutowireCapableBeanFactory.java:542) ~[spring-beans-5.3.22.jar:5.3.22]
	at org.springframework.beans.factory.support.BeanDefinitionValueResolver.resolveInnerBean(BeanDefinitionValueResolver.java:374) ~[spring-beans-5.3.22.jar:5.3.22]
	at org.springframework.beans.factory.support.BeanDefinitionValueResolver.resolveValueIfNecessary(BeanDefinitionValueResolver.java:134) ~[spring-beans-5.3.22.jar:5.3.22]
	at org.springframework.beans.factory.support.AbstractAutowireCapableBeanFactory.applyPropertyValues(AbstractAutowireCapableBeanFactory.java:1707) ~[spring-beans-5.3.22.jar:5.3.22]
	at org.springframework.beans.factory.support.AbstractAutowireCapableBeanFactory.populateBean(AbstractAutowireCapableBeanFactory.java:1452) ~[spring-beans-5.3.22.jar:5.3.22]
	at org.springframework.beans.factory.support.AbstractAutowireCapableBeanFactory.doCreateBean(AbstractAutowireCapableBeanFactory.java:619) ~[spring-beans-5.3.22.jar:5.3.22]
	at org.springframework.beans.factory.support.AbstractAutowireCapableBeanFactory.createBean(AbstractAutowireCapableBeanFactory.java:542) ~[spring-beans-5.3.22.jar:5.3.22]
	at org.springframework.beans.factory.support.AbstractBeanFactory.lambda$doGetBean$0(AbstractBeanFactory.java:335) ~[spring-beans-5.3.22.jar:5.3.22]
	at org.springframework.beans.factory.support.DefaultSingletonBeanRegistry.getSingleton(DefaultSingletonBeanRegistry.java:234) ~[spring-beans-5.3.22.jar:5.3.22]
	at org.springframework.beans.factory.support.AbstractBeanFactory.doGetBean(AbstractBeanFactory.java:333) ~[spring-beans-5.3.22.jar:5.3.22]
	at org.springframework.beans.factory.support.AbstractBeanFactory.getBean(AbstractBeanFactory.java:208) ~[spring-beans-5.3.22.jar:5.3.22]
	at org.springframework.beans.factory.config.DependencyDescriptor.resolveCandidate(DependencyDescriptor.java:276) ~[spring-beans-5.3.22.jar:5.3.22]
	at org.springframework.beans.factory.support.DefaultListableBeanFactory.doResolveDependency(DefaultListableBeanFactory.java:1391) ~[spring-beans-5.3.22.jar:5.3.22]
	at org.springframework.beans.factory.support.DefaultListableBeanFactory.resolveDependency(DefaultListableBeanFactory.java:1311) ~[spring-beans-5.3.22.jar:5.3.22]
	at org.springframework.beans.factory.annotation.AutowiredAnnotationBeanPostProcessor$AutowiredFieldElement.resolveFieldValue(AutowiredAnnotationBeanPostProcessor.java:656) ~[spring-beans-5.3.22.jar:5.3.22]
	at org.springframework.beans.factory.annotation.AutowiredAnnotationBeanPostProcessor$AutowiredFieldElement.inject(AutowiredAnnotationBeanPostProcessor.java:639) ~[spring-beans-5.3.22.jar:5.3.22]
	at org.springframework.beans.factory.annotation.InjectionMetadata.inject(InjectionMetadata.java:119) ~[spring-beans-5.3.22.jar:5.3.22]
	at org.springframework.beans.factory.annotation.AutowiredAnnotationBeanPostProcessor.postProcessProperties(AutowiredAnnotationBeanPostProcessor.java:399) ~[spring-beans-5.3.22.jar:5.3.22]
	at org.springframework.beans.factory.support.AbstractAutowireCapableBeanFactory.populateBean(AbstractAutowireCapableBeanFactory.java:1431) ~[spring-beans-5.3.22.jar:5.3.22]
	at org.springframework.beans.factory.support.AbstractAutowireCapableBeanFactory.doCreateBean(AbstractAutowireCapableBeanFactory.java:619) ~[spring-beans-5.3.22.jar:5.3.22]
	at org.springframework.beans.factory.support.AbstractAutowireCapableBeanFactory.createBean(AbstractAutowireCapableBeanFactory.java:542) ~[spring-beans-5.3.22.jar:5.3.22]
	at org.springframework.beans.factory.support.AbstractBeanFactory.lambda$doGetBean$0(AbstractBeanFactory.java:335) ~[spring-beans-5.3.22.jar:5.3.22]
	at org.springframework.beans.factory.support.DefaultSingletonBeanRegistry.getSingleton(DefaultSingletonBeanRegistry.java:234) ~[spring-beans-5.3.22.jar:5.3.22]
	at org.springframework.beans.factory.support.AbstractBeanFactory.doGetBean(AbstractBeanFactory.java:333) ~[spring-beans-5.3.22.jar:5.3.22]
	at org.springframework.beans.factory.support.AbstractBeanFactory.getBean(AbstractBeanFactory.java:208) ~[spring-beans-5.3.22.jar:5.3.22]
	at org.springframework.beans.factory.config.DependencyDescriptor.resolveCandidate(DependencyDescriptor.java:276) ~[spring-beans-5.3.22.jar:5.3.22]
	at org.springframework.beans.factory.support.DefaultListableBeanFactory.doResolveDependency(DefaultListableBeanFactory.java:1391) ~[spring-beans-5.3.22.jar:5.3.22]
	at org.springframework.beans.factory.support.DefaultListableBeanFactory.resolveDependency(DefaultListableBeanFactory.java:1311) ~[spring-beans-5.3.22.jar:5.3.22]
	at org.springframework.beans.factory.annotation.AutowiredAnnotationBeanPostProcessor$AutowiredFieldElement.resolveFieldValue(AutowiredAnnotationBeanPostProcessor.java:656) ~[spring-beans-5.3.22.jar:5.3.22]
	at org.springframework.beans.factory.annotation.AutowiredAnnotationBeanPostProcessor$AutowiredFieldElement.inject(AutowiredAnnotationBeanPostProcessor.java:639) ~[spring-beans-5.3.22.jar:5.3.22]
	at org.springframework.beans.factory.annotation.InjectionMetadata.inject(InjectionMetadata.java:119) ~[spring-beans-5.3.22.jar:5.3.22]
	at org.springframework.beans.factory.annotation.AutowiredAnnotationBeanPostProcessor.postProcessProperties(AutowiredAnnotationBeanPostProcessor.java:399) ~[spring-beans-5.3.22.jar:5.3.22]
	at org.springframework.beans.factory.support.AbstractAutowireCapableBeanFactory.populateBean(AbstractAutowireCapableBeanFactory.java:1431) ~[spring-beans-5.3.22.jar:5.3.22]
	at org.springframework.beans.factory.support.AbstractAutowireCapableBeanFactory.doCreateBean(AbstractAutowireCapableBeanFactory.java:619) ~[spring-beans-5.3.22.jar:5.3.22]
	at org.springframework.beans.factory.support.AbstractAutowireCapableBeanFactory.createBean(AbstractAutowireCapableBeanFactory.java:542) ~[spring-beans-5.3.22.jar:5.3.22]
	at org.springframework.beans.factory.support.AbstractBeanFactory.lambda$doGetBean$0(AbstractBeanFactory.java:335) ~[spring-beans-5.3.22.jar:5.3.22]
	at org.springframework.beans.factory.support.DefaultSingletonBeanRegistry.getSingleton(DefaultSingletonBeanRegistry.java:234) ~[spring-beans-5.3.22.jar:5.3.22]
	at org.springframework.beans.factory.support.AbstractBeanFactory.doGetBean(AbstractBeanFactory.java:333) ~[spring-beans-5.3.22.jar:5.3.22]
	at org.springframework.beans.factory.support.AbstractBeanFactory.getBean(AbstractBeanFactory.java:213) ~[spring-beans-5.3.22.jar:5.3.22]
	at org.springframework.boot.web.servlet.ServletContextInitializerBeans.getOrderedBeansOfType(ServletContextInitializerBeans.java:212) ~[spring-boot-2.7.3.jar:2.7.3]
	at org.springframework.boot.web.servlet.ServletContextInitializerBeans.addAsRegistrationBean(ServletContextInitializerBeans.java:175) ~[spring-boot-2.7.3.jar:2.7.3]
	at org.springframework.boot.web.servlet.ServletContextInitializerBeans.addAsRegistrationBean(ServletContextInitializerBeans.java:170) ~[spring-boot-2.7.3.jar:2.7.3]
	at org.springframework.boot.web.servlet.ServletContextInitializerBeans.addAdaptableBeans(ServletContextInitializerBeans.java:155) ~[spring-boot-2.7.3.jar:2.7.3]
	at org.springframework.boot.web.servlet.ServletContextInitializerBeans.<init>(ServletContextInitializerBeans.java:87) ~[spring-boot-2.7.3.jar:2.7.3]
	at org.springframework.boot.web.servlet.context.ServletWebServerApplicationContext.getServletContextInitializerBeans(ServletWebServerApplicationContext.java:262) ~[spring-boot-2.7.3.jar:2.7.3]
	at org.springframework.boot.web.servlet.context.ServletWebServerApplicationContext.selfInitialize(ServletWebServerApplicationContext.java:236) ~[spring-boot-2.7.3.jar:2.7.3]
	at org.springframework.boot.web.embedded.tomcat.TomcatStarter.onStartup(TomcatStarter.java:53) ~[spring-boot-2.7.3.jar:2.7.3]
	at org.apache.catalina.core.StandardContext.startInternal(StandardContext.java:5219) ~[tomcat-embed-core-9.0.65.jar:9.0.65]
	at org.apache.catalina.util.LifecycleBase.start(LifecycleBase.java:183) ~[tomcat-embed-core-9.0.65.jar:9.0.65]
	at org.apache.catalina.core.ContainerBase$StartChild.call(ContainerBase.java:1396) ~[tomcat-embed-core-9.0.65.jar:9.0.65]
	at org.apache.catalina.core.ContainerBase$StartChild.call(ContainerBase.java:1386) ~[tomcat-embed-core-9.0.65.jar:9.0.65]
	at java.base/java.util.concurrent.FutureTask.run(FutureTask.java:264) ~[na:na]
	at org.apache.tomcat.util.threads.InlineExecutorService.execute(InlineExecutorService.java:75) ~[tomcat-embed-core-9.0.65.jar:9.0.65]
	at java.base/java.util.concurrent.AbstractExecutorService.submit(AbstractExecutorService.java:145) ~[na:na]
	at org.apache.catalina.core.ContainerBase.startInternal(ContainerBase.java:919) ~[tomcat-embed-core-9.0.65.jar:9.0.65]
	at org.apache.catalina.core.StandardHost.startInternal(StandardHost.java:835) ~[tomcat-embed-core-9.0.65.jar:9.0.65]
	at org.apache.catalina.util.LifecycleBase.start(LifecycleBase.java:183) ~[tomcat-embed-core-9.0.65.jar:9.0.65]
	at org.apache.catalina.core.ContainerBase$StartChild.call(ContainerBase.java:1396) ~[tomcat-embed-core-9.0.65.jar:9.0.65]
	at org.apache.catalina.core.ContainerBase$StartChild.call(ContainerBase.java:1386) ~[tomcat-embed-core-9.0.65.jar:9.0.65]
	at java.base/java.util.concurrent.FutureTask.run(FutureTask.java:264) ~[na:na]
	at org.apache.tomcat.util.threads.InlineExecutorService.execute(InlineExecutorService.java:75) ~[tomcat-embed-core-9.0.65.jar:9.0.65]
	at java.base/java.util.concurrent.AbstractExecutorService.submit(AbstractExecutorService.java:145) ~[na:na]
	at org.apache.catalina.core.ContainerBase.startInternal(ContainerBase.java:919) ~[tomcat-embed-core-9.0.65.jar:9.0.65]
	at org.apache.catalina.core.StandardEngine.startInternal(StandardEngine.java:265) ~[tomcat-embed-core-9.0.65.jar:9.0.65]
	at org.apache.catalina.util.LifecycleBase.start(LifecycleBase.java:183) ~[tomcat-embed-core-9.0.65.jar:9.0.65]
	at org.apache.catalina.core.StandardService.startInternal(StandardService.java:432) ~[tomcat-embed-core-9.0.65.jar:9.0.65]
	at org.apache.catalina.util.LifecycleBase.start(LifecycleBase.java:183) ~[tomcat-embed-core-9.0.65.jar:9.0.65]
	at org.apache.catalina.core.StandardServer.startInternal(StandardServer.java:930) ~[tomcat-embed-core-9.0.65.jar:9.0.65]
	at org.apache.catalina.util.LifecycleBase.start(LifecycleBase.java:183) ~[tomcat-embed-core-9.0.65.jar:9.0.65]
	at org.apache.catalina.startup.Tomcat.start(Tomcat.java:486) ~[tomcat-embed-core-9.0.65.jar:9.0.65]
	at org.springframework.boot.web.embedded.tomcat.TomcatWebServer.initialize(TomcatWebServer.java:123) ~[spring-boot-2.7.3.jar:2.7.3]
	at org.springframework.boot.web.embedded.tomcat.TomcatWebServer.<init>(TomcatWebServer.java:104) ~[spring-boot-2.7.3.jar:2.7.3]
	at org.springframework.boot.web.embedded.tomcat.TomcatServletWebServerFactory.getTomcatWebServer(TomcatServletWebServerFactory.java:479) ~[spring-boot-2.7.3.jar:2.7.3]
	at org.springframework.boot.web.embedded.tomcat.TomcatServletWebServerFactory.getWebServer(TomcatServletWebServerFactory.java:211) ~[spring-boot-2.7.3.jar:2.7.3]
	at org.springframework.boot.web.servlet.context.ServletWebServerApplicationContext.createWebServer(ServletWebServerApplicationContext.java:184) ~[spring-boot-2.7.3.jar:2.7.3]
	at org.springframework.boot.web.servlet.context.ServletWebServerApplicationContext.onRefresh(ServletWebServerApplicationContext.java:162) ~[spring-boot-2.7.3.jar:2.7.3]
	at org.springframework.context.support.AbstractApplicationContext.refresh(AbstractApplicationContext.java:577) ~[spring-context-5.3.22.jar:5.3.22]
	at org.springframework.boot.web.servlet.context.ServletWebServerApplicationContext.refresh(ServletWebServerApplicationContext.java:147) ~[spring-boot-2.7.3.jar:2.7.3]
	at org.springframework.boot.SpringApplication.refresh(SpringApplication.java:734) ~[spring-boot-2.7.3.jar:2.7.3]
	at org.springframework.boot.SpringApplication.refreshContext(SpringApplication.java:408) ~[spring-boot-2.7.3.jar:2.7.3]
	at org.springframework.boot.SpringApplication.run(SpringApplication.java:308) ~[spring-boot-2.7.3.jar:2.7.3]
	at org.springframework.boot.SpringApplication.run(SpringApplication.java:1306) ~[spring-boot-2.7.3.jar:2.7.3]
	at org.springframework.boot.SpringApplication.run(SpringApplication.java:1295) ~[spring-boot-2.7.3.jar:2.7.3]
	at com.virtusa.mainpack.StockManagementprojApplication.main(StockManagementprojApplication.java:22) ~[classes/:na]
	at java.base/jdk.internal.reflect.NativeMethodAccessorImpl.invoke0(Native Method) ~[na:na]
	at java.base/jdk.internal.reflect.NativeMethodAccessorImpl.invoke(NativeMethodAccessorImpl.java:77) ~[na:na]
	at java.base/jdk.internal.reflect.DelegatingMethodAccessorImpl.invoke(DelegatingMethodAccessorImpl.java:43) ~[na:na]
	at java.base/java.lang.reflect.Method.invoke(Method.java:568) ~[na:na]
	at org.springframework.boot.devtools.restart.RestartLauncher.run(RestartLauncher.java:49) ~[spring-boot-devtools-2.7.3.jar:2.7.3]

2023-06-12 17:01:48.265  INFO 26808 --- [restartedMain] com.hazelcast.instance.impl.Node         : [192.168.29.107]:5701 [dev] [5.1.3] Using Multicast discovery
2023-06-12 17:01:48.276  WARN 26808 --- [restartedMain] com.hazelcast.cp.CPSubsystem             : [192.168.29.107]:5701 [dev] [5.1.3] CP Subsystem is not enabled. CP data structures will operate in UNSAFE mode! Please note that UNSAFE mode will not provide strong consistency guarantees.
2023-06-12 17:01:48.828  INFO 26808 --- [restartedMain] c.h.internal.diagnostics.Diagnostics     : [192.168.29.107]:5701 [dev] [5.1.3] Diagnostics disabled. To enable add -Dhazelcast.diagnostics.enabled=true to the JVM arguments.
2023-06-12 17:01:48.839  INFO 26808 --- [restartedMain] com.hazelcast.core.LifecycleService      : [192.168.29.107]:5701 [dev] [5.1.3] [192.168.29.107]:5701 is STARTING
2023-06-12 17:01:51.836  INFO 26808 --- [restartedMain] c.h.internal.cluster.ClusterService      : [192.168.29.107]:5701 [dev] [5.1.3] 

Members {size:1, ver:1} [
	Member [192.168.29.107]:5701 - abc2734d-bbc7-48f1-bcea-348c1cf5de11 this
]

2023-06-12 17:01:51.858  INFO 26808 --- [restartedMain] com.hazelcast.core.LifecycleService      : [192.168.29.107]:5701 [dev] [5.1.3] [192.168.29.107]:5701 is STARTED
2023-06-12 17:01:52.050  INFO 26808 --- [restartedMain] o.hibernate.jpa.internal.util.LogHelper  : HHH000204: Processing PersistenceUnitInfo [name: default]
2023-06-12 17:01:52.135  INFO 26808 --- [restartedMain] org.hibernate.Version                    : HHH000412: Hibernate ORM core version 5.6.10.Final
2023-06-12 17:01:52.443  INFO 26808 --- [restartedMain] o.hibernate.annotations.common.Version   : HCANN000001: Hibernate Commons Annotations {5.1.2.Final}
2023-06-12 17:01:52.626  INFO 26808 --- [restartedMain] com.zaxxer.hikari.HikariDataSource       : HikariPool-1 - Starting...
2023-06-12 17:01:53.067  INFO 26808 --- [restartedMain] com.zaxxer.hikari.HikariDataSource       : HikariPool-1 - Start completed.
2023-06-12 17:01:53.102  INFO 26808 --- [restartedMain] org.hibernate.dialect.Dialect            : HHH000400: Using dialect: org.hibernate.dialect.MySQL5InnoDBDialect
2023-06-12 17:01:54.625  INFO 26808 --- [restartedMain] o.h.e.t.j.p.i.JtaPlatformInitiator       : HHH000490: Using JtaPlatform implementation: [org.hibernate.engine.transaction.jta.platform.internal.NoJtaPlatform]
2023-06-12 17:01:54.643  INFO 26808 --- [restartedMain] j.LocalContainerEntityManagerFactoryBean : Initialized JPA EntityManagerFactory for persistence unit 'default'
2023-06-12 17:01:55.250  WARN 26808 --- [restartedMain] JpaBaseConfiguration$JpaWebConfiguration : spring.jpa.open-in-view is enabled by default. Therefore, database queries may be performed during view rendering. Explicitly configure spring.jpa.open-in-view to disable this warning
2023-06-12 17:01:56.589  INFO 26808 --- [restartedMain] o.s.s.web.DefaultSecurityFilterChain     : Will secure any request with [org.springframework.security.web.session.DisableEncodeUrlFilter@10b3fc54, org.springframework.security.web.context.request.async.WebAsyncManagerIntegrationFilter@4748622d, org.springframework.security.web.context.SecurityContextPersistenceFilter@7ceea97f, org.springframework.security.web.header.HeaderWriterFilter@7e675fe1, org.springframework.security.web.authentication.logout.LogoutFilter@5a60602b, com.virtusa.mainpack.config.JwtFilterRequest@353c0cdb, org.springframework.security.web.savedrequest.RequestCacheAwareFilter@3add87c3, org.springframework.security.web.servletapi.SecurityContextHolderAwareRequestFilter@273df4c5, org.springframework.security.web.authentication.AnonymousAuthenticationFilter@6537d773, org.springframework.security.web.session.SessionManagementFilter@1d60cd5c, org.springframework.security.web.access.ExceptionTranslationFilter@25bd433c, org.springframework.security.web.access.intercept.AuthorizationFilter@435670db]
2023-06-12 17:01:56.854  INFO 26808 --- [restartedMain] o.s.b.d.a.OptionalLiveReloadServer       : LiveReload server is running on port 35729
2023-06-12 17:01:57.141  INFO 26808 --- [restartedMain] o.s.b.w.embedded.tomcat.TomcatWebServer  : Tomcat started on port(s): 8088 (http) with context path ''
2023-06-12 17:01:57.145  INFO 26808 --- [restartedMain] d.s.w.p.DocumentationPluginsBootstrapper : Context refreshed
2023-06-12 17:01:57.207  INFO 26808 --- [restartedMain] d.s.w.p.DocumentationPluginsBootstrapper : Found 1 custom documentation plugin(s)
2023-06-12 17:01:57.234  INFO 26808 --- [restartedMain] s.d.s.w.s.ApiListingReferenceScanner     : Scanning for api listing references
2023-06-12 17:01:57.689  INFO 26808 --- [restartedMain] .d.s.w.r.o.CachingOperationNameGenerator : Generating unique operation named: yearbillUsingGET_1
2023-06-12 17:01:57.734  INFO 26808 --- [restartedMain] .d.s.w.r.o.CachingOperationNameGenerator : Generating unique operation named: adminlogetailscontroUsingGET_1
2023-06-12 17:01:57.737  INFO 26808 --- [restartedMain] .d.s.w.r.o.CachingOperationNameGenerator : Generating unique operation named: adminlogetailscontroUsingGET_2
2023-06-12 17:01:57.747  INFO 26808 --- [restartedMain] .d.s.w.r.o.CachingOperationNameGenerator : Generating unique operation named: updateadminlogdetailscontroUsingPUT_1
2023-06-12 17:01:57.760  INFO 26808 --- [restartedMain] .d.s.w.r.o.CachingOperationNameGenerator : Generating unique operation named: deleteadminUsingDELETE_1
2023-06-12 17:01:57.765  INFO 26808 --- [restartedMain] .d.s.w.r.o.CachingOperationNameGenerator : Generating unique operation named: orderbillUsingGET_1
2023-06-12 17:01:57.776  INFO 26808 --- [restartedMain] .d.s.w.r.o.CachingOperationNameGenerator : Generating unique operation named: removeproductsUsingDELETE_1
2023-06-12 17:01:57.804  INFO 26808 --- [restartedMain] .d.s.w.r.o.CachingOperationNameGenerator : Generating unique operation named: showyourordersUsingGET_1
2023-06-12 17:01:57.828  INFO 26808 --- [restartedMain] .d.s.w.r.o.CachingOperationNameGenerator : Generating unique operation named: newcustomercontroUsingPOST_1
2023-06-12 17:01:57.880  INFO 26808 --- [restartedMain] c.v.m.StockManagementprojApplication     : Started StockManagementprojApplication in 17.215 seconds (JVM running for 19.054)
2023-06-12 17:04:51.919  INFO 26808 --- [hz.hazel-instance.HealthMonitor] c.h.internal.diagnostics.HealthMonitor   : [192.168.29.107]:5701 [dev] [5.1.3] processors=12, physical.memory.total=15.6G, physical.memory.free=1.7G, swap.space.total=0, swap.space.free=0, heap.memory.used=68.2M, heap.memory.free=39.8M, heap.memory.total=108.0M, heap.memory.max=3.9G, heap.memory.used/total=63.14%, heap.memory.used/max=1.70%, minor.gc.count=24, minor.gc.time=172ms, major.gc.count=0, major.gc.time=0ms, load.process=0.00%, load.system=74.51%, load.systemAverage=n/a thread.count=85, thread.peakCount=94, cluster.timeDiff=0, event.q.size=0, executor.q.async.size=0, executor.q.client.size=0, executor.q.client.query.size=0, executor.q.client.blocking.size=0, executor.q.query.size=0, executor.q.scheduled.size=0, executor.q.io.size=0, executor.q.system.size=0, executor.q.operations.size=0, executor.q.priorityOperation.size=0, operations.completed.count=1, executor.q.mapLoad.size=0, executor.q.mapLoadAllKeys.size=0, executor.q.cluster.size=0, executor.q.response.size=0, operations.running.count=0, operations.pending.invocations.percentage=0.00%, operations.pending.invocations.count=0, proxy.count=0, clientEndpoint.count=0, connection.active.count=0, client.connection.count=0, connection.count=0
2023-06-12 17:42:53.052  INFO 26808 --- [hz.hazel-instance.HealthMonitor] c.h.internal.diagnostics.HealthMonitor   : [192.168.29.107]:5701 [dev] [5.1.3] processors=12, physical.memory.total=15.6G, physical.memory.free=3.1G, swap.space.total=0, swap.space.free=0, heap.memory.used=52.1M, heap.memory.free=55.9M, heap.memory.total=108.0M, heap.memory.max=3.9G, heap.memory.used/total=48.22%, heap.memory.used/max=1.30%, minor.gc.count=29, minor.gc.time=201ms, major.gc.count=0, major.gc.time=0ms, load.process=0.00%, load.system=84.55%, load.systemAverage=n/a thread.count=84, thread.peakCount=94, cluster.timeDiff=0, event.q.size=0, executor.q.async.size=0, executor.q.client.size=0, executor.q.client.query.size=0, executor.q.client.blocking.size=0, executor.q.query.size=0, executor.q.scheduled.size=0, executor.q.io.size=0, executor.q.system.size=0, executor.q.operations.size=0, executor.q.priorityOperation.size=0, operations.completed.count=1, executor.q.mapLoad.size=0, executor.q.mapLoadAllKeys.size=0, executor.q.cluster.size=0, executor.q.response.size=0, operations.running.count=0, operations.pending.invocations.percentage=0.00%, operations.pending.invocations.count=0, proxy.count=0, clientEndpoint.count=0, connection.active.count=0, client.connection.count=0, connection.count=0
2023-06-12 17:43:13.077  INFO 26808 --- [hz.hazel-instance.HealthMonitor] c.h.internal.diagnostics.HealthMonitor   : [192.168.29.107]:5701 [dev] [5.1.3] processors=12, physical.memory.total=15.6G, physical.memory.free=3.1G, swap.space.total=0, swap.space.free=0, heap.memory.used=53.9M, heap.memory.free=54.1M, heap.memory.total=108.0M, heap.memory.max=3.9G, heap.memory.used/total=49.89%, heap.memory.used/max=1.35%, minor.gc.count=29, minor.gc.time=201ms, major.gc.count=0, major.gc.time=0ms, load.process=0.00%, load.system=81.79%, load.systemAverage=n/a thread.count=84, thread.peakCount=94, cluster.timeDiff=0, event.q.size=0, executor.q.async.size=0, executor.q.client.size=0, executor.q.client.query.size=0, executor.q.client.blocking.size=0, executor.q.query.size=0, executor.q.scheduled.size=0, executor.q.io.size=0, executor.q.system.size=0, executor.q.operations.size=0, executor.q.priorityOperation.size=0, operations.completed.count=1, executor.q.mapLoad.size=0, executor.q.mapLoadAllKeys.size=0, executor.q.cluster.size=0, executor.q.response.size=0, operations.running.count=0, operations.pending.invocations.percentage=0.00%, operations.pending.invocations.count=0, proxy.count=0, clientEndpoint.count=0, connection.active.count=0, client.connection.count=0, connection.count=0
2023-06-12 18:07:44.745  INFO 26808 --- [RMI TCP Connection(87)-127.0.0.1] inMXBeanRegistrar$SpringApplicationAdmin : Application shutdown requested.
2023-06-12 18:07:44.817  INFO 26808 --- [RMI TCP Connection(87)-127.0.0.1] o.apache.catalina.core.StandardService   : Stopping service [Tomcat]
2023-06-12 18:07:44.846  WARN 26808 --- [RMI TCP Connection(87)-127.0.0.1] o.a.c.loader.WebappClassLoaderBase       : The web application [ROOT] appears to have started a thread named [hz.hazel-instance.scheduled.thread-] but has failed to stop it. This is very likely to create a memory leak. Stack trace of thread:
 java.base@17.0.7/jdk.internal.misc.Unsafe.park(Native Method)
 java.base@17.0.7/java.util.concurrent.locks.LockSupport.parkNanos(LockSupport.java:252)
 java.base@17.0.7/java.util.concurrent.locks.AbstractQueuedSynchronizer$ConditionObject.awaitNanos(AbstractQueuedSynchronizer.java:1672)
 java.base@17.0.7/java.util.concurrent.ScheduledThreadPoolExecutor$DelayedWorkQueue.take(ScheduledThreadPoolExecutor.java:1182)
 java.base@17.0.7/java.util.concurrent.ScheduledThreadPoolExecutor$DelayedWorkQueue.take(ScheduledThreadPoolExecutor.java:899)
 java.base@17.0.7/java.util.concurrent.ThreadPoolExecutor.getTask(ThreadPoolExecutor.java:1062)
 java.base@17.0.7/java.util.concurrent.ThreadPoolExecutor.runWorker(ThreadPoolExecutor.java:1122)
 java.base@17.0.7/java.util.concurrent.ThreadPoolExecutor$Worker.run(ThreadPoolExecutor.java:635)
 java.base@17.0.7/java.lang.Thread.run(Thread.java:833)
 app//com.hazelcast.internal.util.executor.HazelcastManagedThread.executeRun(HazelcastManagedThread.java:76)
 app//com.hazelcast.internal.util.executor.HazelcastManagedThread.run(HazelcastManagedThread.java:102)
2023-06-12 18:07:44.849  WARN 26808 --- [RMI TCP Connection(87)-127.0.0.1] o.a.c.loader.WebappClassLoaderBase       : The web application [ROOT] appears to have started a thread named [hz.hazel-instance.event-1] but has failed to stop it. This is very likely to create a memory leak. Stack trace of thread:
 java.base@17.0.7/jdk.internal.misc.Unsafe.park(Native Method)
 java.base@17.0.7/java.util.concurrent.locks.LockSupport.park(LockSupport.java:341)
 java.base@17.0.7/java.util.concurrent.locks.AbstractQueuedSynchronizer$ConditionNode.block(AbstractQueuedSynchronizer.java:506)
 java.base@17.0.7/java.util.concurrent.ForkJoinPool.unmanagedBlock(ForkJoinPool.java:3463)
 java.base@17.0.7/java.util.concurrent.ForkJoinPool.managedBlock(ForkJoinPool.java:3434)
 java.base@17.0.7/java.util.concurrent.locks.AbstractQueuedSynchronizer$ConditionObject.await(AbstractQueuedSynchronizer.java:1623)
 java.base@17.0.7/java.util.concurrent.LinkedBlockingQueue.take(LinkedBlockingQueue.java:435)
 app//com.hazelcast.internal.util.executor.StripedExecutor$Worker.run(StripedExecutor.java:227)
2023-06-12 18:07:44.851  WARN 26808 --- [RMI TCP Connection(87)-127.0.0.1] o.a.c.loader.WebappClassLoaderBase       : The web application [ROOT] appears to have started a thread named [hz.hazel-instance.event-2] but has failed to stop it. This is very likely to create a memory leak. Stack trace of thread:
 java.base@17.0.7/jdk.internal.misc.Unsafe.park(Native Method)
 java.base@17.0.7/java.util.concurrent.locks.LockSupport.park(LockSupport.java:341)
 java.base@17.0.7/java.util.concurrent.locks.AbstractQueuedSynchronizer$ConditionNode.block(AbstractQueuedSynchronizer.java:506)
 java.base@17.0.7/java.util.concurrent.ForkJoinPool.unmanagedBlock(ForkJoinPool.java:3463)
 java.base@17.0.7/java.util.concurrent.ForkJoinPool.managedBlock(ForkJoinPool.java:3434)
 java.base@17.0.7/java.util.concurrent.locks.AbstractQueuedSynchronizer$ConditionObject.await(AbstractQueuedSynchronizer.java:1623)
 java.base@17.0.7/java.util.concurrent.LinkedBlockingQueue.take(LinkedBlockingQueue.java:435)
 app//com.hazelcast.internal.util.executor.StripedExecutor$Worker.run(StripedExecutor.java:227)
2023-06-12 18:07:44.853  WARN 26808 --- [RMI TCP Connection(87)-127.0.0.1] o.a.c.loader.WebappClassLoaderBase       : The web application [ROOT] appears to have started a thread named [hz.hazel-instance.event-3] but has failed to stop it. This is very likely to create a memory leak. Stack trace of thread:
 java.base@17.0.7/jdk.internal.misc.Unsafe.park(Native Method)
 java.base@17.0.7/java.util.concurrent.locks.LockSupport.park(LockSupport.java:341)
 java.base@17.0.7/java.util.concurrent.locks.AbstractQueuedSynchronizer$ConditionNode.block(AbstractQueuedSynchronizer.java:506)
 java.base@17.0.7/java.util.concurrent.ForkJoinPool.unmanagedBlock(ForkJoinPool.java:3463)
 java.base@17.0.7/java.util.concurrent.ForkJoinPool.managedBlock(ForkJoinPool.java:3434)
 java.base@17.0.7/java.util.concurrent.locks.AbstractQueuedSynchronizer$ConditionObject.await(AbstractQueuedSynchronizer.java:1623)
 java.base@17.0.7/java.util.concurrent.LinkedBlockingQueue.take(LinkedBlockingQueue.java:435)
 app//com.hazelcast.internal.util.executor.StripedExecutor$Worker.run(StripedExecutor.java:227)
2023-06-12 18:07:44.854  WARN 26808 --- [RMI TCP Connection(87)-127.0.0.1] o.a.c.loader.WebappClassLoaderBase       : The web application [ROOT] appears to have started a thread named [hz.hazel-instance.event-4] but has failed to stop it. This is very likely to create a memory leak. Stack trace of thread:
 java.base@17.0.7/jdk.internal.misc.Unsafe.park(Native Method)
 java.base@17.0.7/java.util.concurrent.locks.LockSupport.park(LockSupport.java:341)
 java.base@17.0.7/java.util.concurrent.locks.AbstractQueuedSynchronizer$ConditionNode.block(AbstractQueuedSynchronizer.java:506)
 java.base@17.0.7/java.util.concurrent.ForkJoinPool.unmanagedBlock(ForkJoinPool.java:3463)
 java.base@17.0.7/java.util.concurrent.ForkJoinPool.managedBlock(ForkJoinPool.java:3434)
 java.base@17.0.7/java.util.concurrent.locks.AbstractQueuedSynchronizer$ConditionObject.await(AbstractQueuedSynchronizer.java:1623)
 java.base@17.0.7/java.util.concurrent.LinkedBlockingQueue.take(LinkedBlockingQueue.java:435)
 app//com.hazelcast.internal.util.executor.StripedExecutor$Worker.run(StripedExecutor.java:227)
2023-06-12 18:07:44.856  WARN 26808 --- [RMI TCP Connection(87)-127.0.0.1] o.a.c.loader.WebappClassLoaderBase       : The web application [ROOT] appears to have started a thread named [hz.hazel-instance.event-5] but has failed to stop it. This is very likely to create a memory leak. Stack trace of thread:
 java.base@17.0.7/jdk.internal.misc.Unsafe.park(Native Method)
 java.base@17.0.7/java.util.concurrent.locks.LockSupport.park(LockSupport.java:341)
 java.base@17.0.7/java.util.concurrent.locks.AbstractQueuedSynchronizer$ConditionNode.block(AbstractQueuedSynchronizer.java:506)
 java.base@17.0.7/java.util.concurrent.ForkJoinPool.unmanagedBlock(ForkJoinPool.java:3463)
 java.base@17.0.7/java.util.concurrent.ForkJoinPool.managedBlock(ForkJoinPool.java:3434)
 java.base@17.0.7/java.util.concurrent.locks.AbstractQueuedSynchronizer$ConditionObject.await(AbstractQueuedSynchronizer.java:1623)
 java.base@17.0.7/java.util.concurrent.LinkedBlockingQueue.take(LinkedBlockingQueue.java:435)
 app//com.hazelcast.internal.util.executor.StripedExecutor$Worker.run(StripedExecutor.java:227)
2023-06-12 18:07:44.858  WARN 26808 --- [RMI TCP Connection(87)-127.0.0.1] o.a.c.loader.WebappClassLoaderBase       : The web application [ROOT] appears to have started a thread named [hz.hazel-instance.operation-parker] but has failed to stop it. This is very likely to create a memory leak. Stack trace of thread:
 java.base@17.0.7/jdk.internal.misc.Unsafe.park(Native Method)
 java.base@17.0.7/java.util.concurrent.locks.LockSupport.parkNanos(LockSupport.java:252)
 java.base@17.0.7/java.util.concurrent.locks.AbstractQueuedSynchronizer$ConditionObject.awaitNanos(AbstractQueuedSynchronizer.java:1672)
 java.base@17.0.7/java.util.concurrent.DelayQueue.poll(DelayQueue.java:265)
 app//com.hazelcast.spi.impl.operationparker.impl.OperationParkerImpl$ExpirationTask.doRun(OperationParkerImpl.java:228)
 app//com.hazelcast.spi.impl.operationparker.impl.OperationParkerImpl$ExpirationTask.run(OperationParkerImpl.java:211)
 java.base@17.0.7/java.util.concurrent.Executors$RunnableAdapter.call(Executors.java:539)
 java.base@17.0.7/java.util.concurrent.FutureTask.run(FutureTask.java:264)
 java.base@17.0.7/java.util.concurrent.ThreadPoolExecutor.runWorker(ThreadPoolExecutor.java:1136)
 java.base@17.0.7/java.util.concurrent.ThreadPoolExecutor$Worker.run(ThreadPoolExecutor.java:635)
 java.base@17.0.7/java.lang.Thread.run(Thread.java:833)
 app//com.hazelcast.internal.util.executor.HazelcastManagedThread.executeRun(HazelcastManagedThread.java:76)
 app//com.hazelcast.internal.util.executor.HazelcastManagedThread.run(HazelcastManagedThread.java:102)
2023-06-12 18:07:44.859  WARN 26808 --- [RMI TCP Connection(87)-127.0.0.1] o.a.c.loader.WebappClassLoaderBase       : The web application [ROOT] appears to have started a thread named [hz.hazel-instance.MetricsRegistry.thread-1] but has failed to stop it. This is very likely to create a memory leak. Stack trace of thread:
 java.base@17.0.7/jdk.internal.misc.Unsafe.park(Native Method)
 java.base@17.0.7/java.util.concurrent.locks.LockSupport.park(LockSupport.java:341)
 java.base@17.0.7/java.util.concurrent.locks.AbstractQueuedSynchronizer$ConditionNode.block(AbstractQueuedSynchronizer.java:506)
 java.base@17.0.7/java.util.concurrent.ForkJoinPool.unmanagedBlock(ForkJoinPool.java:3463)
 java.base@17.0.7/java.util.concurrent.ForkJoinPool.managedBlock(ForkJoinPool.java:3434)
 java.base@17.0.7/java.util.concurrent.locks.AbstractQueuedSynchronizer$ConditionObject.await(AbstractQueuedSynchronizer.java:1623)
 java.base@17.0.7/java.util.concurrent.ScheduledThreadPoolExecutor$DelayedWorkQueue.take(ScheduledThreadPoolExecutor.java:1177)
 java.base@17.0.7/java.util.concurrent.ScheduledThreadPoolExecutor$DelayedWorkQueue.take(ScheduledThreadPoolExecutor.java:899)
 java.base@17.0.7/java.util.concurrent.ThreadPoolExecutor.getTask(ThreadPoolExecutor.java:1062)
 java.base@17.0.7/java.util.concurrent.ThreadPoolExecutor.runWorker(ThreadPoolExecutor.java:1122)
 java.base@17.0.7/java.util.concurrent.ThreadPoolExecutor$Worker.run(ThreadPoolExecutor.java:635)
 java.base@17.0.7/java.lang.Thread.run(Thread.java:833)
2023-06-12 18:07:44.861  WARN 26808 --- [RMI TCP Connection(87)-127.0.0.1] o.a.c.loader.WebappClassLoaderBase       : The web application [ROOT] appears to have started a thread named [hz.hazel-instance.MetricsRegistry.thread-2] but has failed to stop it. This is very likely to create a memory leak. Stack trace of thread:
 java.base@17.0.7/jdk.internal.misc.Unsafe.park(Native Method)
 java.base@17.0.7/java.util.concurrent.locks.LockSupport.parkNanos(LockSupport.java:252)
 java.base@17.0.7/java.util.concurrent.locks.AbstractQueuedSynchronizer$ConditionObject.awaitNanos(AbstractQueuedSynchronizer.java:1672)
 java.base@17.0.7/java.util.concurrent.ScheduledThreadPoolExecutor$DelayedWorkQueue.take(ScheduledThreadPoolExecutor.java:1182)
 java.base@17.0.7/java.util.concurrent.ScheduledThreadPoolExecutor$DelayedWorkQueue.take(ScheduledThreadPoolExecutor.java:899)
 java.base@17.0.7/java.util.concurrent.ThreadPoolExecutor.getTask(ThreadPoolExecutor.java:1062)
 java.base@17.0.7/java.util.concurrent.ThreadPoolExecutor.runWorker(ThreadPoolExecutor.java:1122)
 java.base@17.0.7/java.util.concurrent.ThreadPoolExecutor$Worker.run(ThreadPoolExecutor.java:635)
 java.base@17.0.7/java.lang.Thread.run(Thread.java:833)
2023-06-12 18:07:44.864  WARN 26808 --- [RMI TCP Connection(87)-127.0.0.1] o.a.c.loader.WebappClassLoaderBase       : The web application [ROOT] appears to have started a thread named [hz.hazel-instance.migration] but has failed to stop it. This is very likely to create a memory leak. Stack trace of thread:
 java.base@17.0.7/jdk.internal.misc.Unsafe.park(Native Method)
 java.base@17.0.7/java.util.concurrent.locks.LockSupport.parkNanos(LockSupport.java:252)
 java.base@17.0.7/java.util.concurrent.locks.AbstractQueuedSynchronizer$ConditionObject.awaitNanos(AbstractQueuedSynchronizer.java:1672)
 java.base@17.0.7/java.util.concurrent.LinkedBlockingQueue.poll(LinkedBlockingQueue.java:460)
 app//com.hazelcast.internal.partition.impl.MigrationQueue.poll(MigrationQueue.java:48)
 app//com.hazelcast.internal.partition.impl.MigrationThread.doRun(MigrationThread.java:91)
 app//com.hazelcast.internal.partition.impl.MigrationThread.run(MigrationThread.java:66)
2023-06-12 18:07:44.866  WARN 26808 --- [RMI TCP Connection(87)-127.0.0.1] o.a.c.loader.WebappClassLoaderBase       : The web application [ROOT] appears to have started a thread named [hz.hazel-instance.InvocationMonitorThread] but has failed to stop it. This is very likely to create a memory leak. Stack trace of thread:
 java.base@17.0.7/jdk.internal.misc.Unsafe.park(Native Method)
 java.base@17.0.7/java.util.concurrent.locks.LockSupport.parkNanos(LockSupport.java:252)
 java.base@17.0.7/java.util.concurrent.locks.AbstractQueuedSynchronizer$ConditionObject.awaitNanos(AbstractQueuedSynchronizer.java:1672)
 java.base@17.0.7/java.util.concurrent.ScheduledThreadPoolExecutor$DelayedWorkQueue.take(ScheduledThreadPoolExecutor.java:1182)
 java.base@17.0.7/java.util.concurrent.ScheduledThreadPoolExecutor$DelayedWorkQueue.take(ScheduledThreadPoolExecutor.java:899)
 java.base@17.0.7/java.util.concurrent.ThreadPoolExecutor.getTask(ThreadPoolExecutor.java:1062)
 java.base@17.0.7/java.util.concurrent.ThreadPoolExecutor.runWorker(ThreadPoolExecutor.java:1122)
 java.base@17.0.7/java.util.concurrent.ThreadPoolExecutor$Worker.run(ThreadPoolExecutor.java:635)
 java.base@17.0.7/java.lang.Thread.run(Thread.java:833)
2023-06-12 18:07:44.868  WARN 26808 --- [RMI TCP Connection(87)-127.0.0.1] o.a.c.loader.WebappClassLoaderBase       : The web application [ROOT] appears to have started a thread named [hz.hazel-instance.partition-operation.thread-0] but has failed to stop it. This is very likely to create a memory leak. Stack trace of thread:
 java.base@17.0.7/jdk.internal.misc.Unsafe.park(Native Method)
 java.base@17.0.7/java.util.concurrent.locks.LockSupport.park(LockSupport.java:341)
 app//com.hazelcast.internal.util.concurrent.MPSCQueue.takeAll(MPSCQueue.java:229)
 app//com.hazelcast.internal.util.concurrent.MPSCQueue.take(MPSCQueue.java:151)
 app//com.hazelcast.spi.impl.operationexecutor.impl.OperationQueueImpl.take(OperationQueueImpl.java:85)
 app//com.hazelcast.spi.impl.operationexecutor.impl.OperationThread.executeRun(OperationThread.java:118)
 app//com.hazelcast.internal.util.executor.HazelcastManagedThread.run(HazelcastManagedThread.java:102)
2023-06-12 18:07:44.870  WARN 26808 --- [RMI TCP Connection(87)-127.0.0.1] o.a.c.loader.WebappClassLoaderBase       : The web application [ROOT] appears to have started a thread named [hz.hazel-instance.partition-operation.thread-1] but has failed to stop it. This is very likely to create a memory leak. Stack trace of thread:
 java.base@17.0.7/jdk.internal.misc.Unsafe.park(Native Method)
 java.base@17.0.7/java.util.concurrent.locks.LockSupport.park(LockSupport.java:341)
 app//com.hazelcast.internal.util.concurrent.MPSCQueue.takeAll(MPSCQueue.java:229)
 app//com.hazelcast.internal.util.concurrent.MPSCQueue.take(MPSCQueue.java:151)
 app//com.hazelcast.spi.impl.operationexecutor.impl.OperationQueueImpl.take(OperationQueueImpl.java:85)
 app//com.hazelcast.spi.impl.operationexecutor.impl.OperationThread.executeRun(OperationThread.java:118)
 app//com.hazelcast.internal.util.executor.HazelcastManagedThread.run(HazelcastManagedThread.java:102)
2023-06-12 18:07:44.871  WARN 26808 --- [RMI TCP Connection(87)-127.0.0.1] o.a.c.loader.WebappClassLoaderBase       : The web application [ROOT] appears to have started a thread named [hz.hazel-instance.partition-operation.thread-2] but has failed to stop it. This is very likely to create a memory leak. Stack trace of thread:
 java.base@17.0.7/jdk.internal.misc.Unsafe.park(Native Method)
 java.base@17.0.7/java.util.concurrent.locks.LockSupport.park(LockSupport.java:341)
 app//com.hazelcast.internal.util.concurrent.MPSCQueue.takeAll(MPSCQueue.java:229)
 app//com.hazelcast.internal.util.concurrent.MPSCQueue.take(MPSCQueue.java:151)
 app//com.hazelcast.spi.impl.operationexecutor.impl.OperationQueueImpl.take(OperationQueueImpl.java:85)
 app//com.hazelcast.spi.impl.operationexecutor.impl.OperationThread.executeRun(OperationThread.java:118)
 app//com.hazelcast.internal.util.executor.HazelcastManagedThread.run(HazelcastManagedThread.java:102)
2023-06-12 18:07:44.873  WARN 26808 --- [RMI TCP Connection(87)-127.0.0.1] o.a.c.loader.WebappClassLoaderBase       : The web application [ROOT] appears to have started a thread named [hz.hazel-instance.partition-operation.thread-3] but has failed to stop it. This is very likely to create a memory leak. Stack trace of thread:
 java.base@17.0.7/jdk.internal.misc.Unsafe.park(Native Method)
 java.base@17.0.7/java.util.concurrent.locks.LockSupport.park(LockSupport.java:341)
 app//com.hazelcast.internal.util.concurrent.MPSCQueue.takeAll(MPSCQueue.java:229)
 app//com.hazelcast.internal.util.concurrent.MPSCQueue.take(MPSCQueue.java:151)
 app//com.hazelcast.spi.impl.operationexecutor.impl.OperationQueueImpl.take(OperationQueueImpl.java:85)
 app//com.hazelcast.spi.impl.operationexecutor.impl.OperationThread.executeRun(OperationThread.java:118)
 app//com.hazelcast.internal.util.executor.HazelcastManagedThread.run(HazelcastManagedThread.java:102)
2023-06-12 18:07:44.875  WARN 26808 --- [RMI TCP Connection(87)-127.0.0.1] o.a.c.loader.WebappClassLoaderBase       : The web application [ROOT] appears to have started a thread named [hz.hazel-instance.partition-operation.thread-4] but has failed to stop it. This is very likely to create a memory leak. Stack trace of thread:
 java.base@17.0.7/jdk.internal.misc.Unsafe.park(Native Method)
 java.base@17.0.7/java.util.concurrent.locks.LockSupport.park(LockSupport.java:341)
 app//com.hazelcast.internal.util.concurrent.MPSCQueue.takeAll(MPSCQueue.java:229)
 app//com.hazelcast.internal.util.concurrent.MPSCQueue.take(MPSCQueue.java:151)
 app//com.hazelcast.spi.impl.operationexecutor.impl.OperationQueueImpl.take(OperationQueueImpl.java:85)
 app//com.hazelcast.spi.impl.operationexecutor.impl.OperationThread.executeRun(OperationThread.java:118)
 app//com.hazelcast.internal.util.executor.HazelcastManagedThread.run(HazelcastManagedThread.java:102)
2023-06-12 18:07:44.877  WARN 26808 --- [RMI TCP Connection(87)-127.0.0.1] o.a.c.loader.WebappClassLoaderBase       : The web application [ROOT] appears to have started a thread named [hz.hazel-instance.partition-operation.thread-5] but has failed to stop it. This is very likely to create a memory leak. Stack trace of thread:
 java.base@17.0.7/jdk.internal.misc.Unsafe.park(Native Method)
 java.base@17.0.7/java.util.concurrent.locks.LockSupport.park(LockSupport.java:341)
 app//com.hazelcast.internal.util.concurrent.MPSCQueue.takeAll(MPSCQueue.java:229)
 app//com.hazelcast.internal.util.concurrent.MPSCQueue.take(MPSCQueue.java:151)
 app//com.hazelcast.spi.impl.operationexecutor.impl.OperationQueueImpl.take(OperationQueueImpl.java:85)
 app//com.hazelcast.spi.impl.operationexecutor.impl.OperationThread.executeRun(OperationThread.java:118)
 app//com.hazelcast.internal.util.executor.HazelcastManagedThread.run(HazelcastManagedThread.java:102)
2023-06-12 18:07:44.878  WARN 26808 --- [RMI TCP Connection(87)-127.0.0.1] o.a.c.loader.WebappClassLoaderBase       : The web application [ROOT] appears to have started a thread named [hz.hazel-instance.partition-operation.thread-6] but has failed to stop it. This is very likely to create a memory leak. Stack trace of thread:
 java.base@17.0.7/jdk.internal.misc.Unsafe.park(Native Method)
 java.base@17.0.7/java.util.concurrent.locks.LockSupport.park(LockSupport.java:341)
 app//com.hazelcast.internal.util.concurrent.MPSCQueue.takeAll(MPSCQueue.java:229)
 app//com.hazelcast.internal.util.concurrent.MPSCQueue.take(MPSCQueue.java:151)
 app//com.hazelcast.spi.impl.operationexecutor.impl.OperationQueueImpl.take(OperationQueueImpl.java:85)
 app//com.hazelcast.spi.impl.operationexecutor.impl.OperationThread.executeRun(OperationThread.java:118)
 app//com.hazelcast.internal.util.executor.HazelcastManagedThread.run(HazelcastManagedThread.java:102)
2023-06-12 18:07:44.880  WARN 26808 --- [RMI TCP Connection(87)-127.0.0.1] o.a.c.loader.WebappClassLoaderBase       : The web application [ROOT] appears to have started a thread named [hz.hazel-instance.partition-operation.thread-7] but has failed to stop it. This is very likely to create a memory leak. Stack trace of thread:
 java.base@17.0.7/jdk.internal.misc.Unsafe.park(Native Method)
 java.base@17.0.7/java.util.concurrent.locks.LockSupport.park(LockSupport.java:341)
 app//com.hazelcast.internal.util.concurrent.MPSCQueue.takeAll(MPSCQueue.java:229)
 app//com.hazelcast.internal.util.concurrent.MPSCQueue.take(MPSCQueue.java:151)
 app//com.hazelcast.spi.impl.operationexecutor.impl.OperationQueueImpl.take(OperationQueueImpl.java:85)
 app//com.hazelcast.spi.impl.operationexecutor.impl.OperationThread.executeRun(OperationThread.java:118)
 app//com.hazelcast.internal.util.executor.HazelcastManagedThread.run(HazelcastManagedThread.java:102)
2023-06-12 18:07:44.881  WARN 26808 --- [RMI TCP Connection(87)-127.0.0.1] o.a.c.loader.WebappClassLoaderBase       : The web application [ROOT] appears to have started a thread named [hz.hazel-instance.partition-operation.thread-8] but has failed to stop it. This is very likely to create a memory leak. Stack trace of thread:
 java.base@17.0.7/jdk.internal.misc.Unsafe.park(Native Method)
 java.base@17.0.7/java.util.concurrent.locks.LockSupport.park(LockSupport.java:341)
 app//com.hazelcast.internal.util.concurrent.MPSCQueue.takeAll(MPSCQueue.java:229)
 app//com.hazelcast.internal.util.concurrent.MPSCQueue.take(MPSCQueue.java:151)
 app//com.hazelcast.spi.impl.operationexecutor.impl.OperationQueueImpl.take(OperationQueueImpl.java:85)
 app//com.hazelcast.spi.impl.operationexecutor.impl.OperationThread.executeRun(OperationThread.java:118)
 app//com.hazelcast.internal.util.executor.HazelcastManagedThread.run(HazelcastManagedThread.java:102)
2023-06-12 18:07:44.883  WARN 26808 --- [RMI TCP Connection(87)-127.0.0.1] o.a.c.loader.WebappClassLoaderBase       : The web application [ROOT] appears to have started a thread named [hz.hazel-instance.partition-operation.thread-9] but has failed to stop it. This is very likely to create a memory leak. Stack trace of thread:
 java.base@17.0.7/jdk.internal.misc.Unsafe.park(Native Method)
 java.base@17.0.7/java.util.concurrent.locks.LockSupport.park(LockSupport.java:341)
 app//com.hazelcast.internal.util.concurrent.MPSCQueue.takeAll(MPSCQueue.java:229)
 app//com.hazelcast.internal.util.concurrent.MPSCQueue.take(MPSCQueue.java:151)
 app//com.hazelcast.spi.impl.operationexecutor.impl.OperationQueueImpl.take(OperationQueueImpl.java:85)
 app//com.hazelcast.spi.impl.operationexecutor.impl.OperationThread.executeRun(OperationThread.java:118)
 app//com.hazelcast.internal.util.executor.HazelcastManagedThread.run(HazelcastManagedThread.java:102)
2023-06-12 18:07:44.884  WARN 26808 --- [RMI TCP Connection(87)-127.0.0.1] o.a.c.loader.WebappClassLoaderBase       : The web application [ROOT] appears to have started a thread named [hz.hazel-instance.partition-operation.thread-10] but has failed to stop it. This is very likely to create a memory leak. Stack trace of thread:
 java.base@17.0.7/jdk.internal.misc.Unsafe.park(Native Method)
 java.base@17.0.7/java.util.concurrent.locks.LockSupport.park(LockSupport.java:341)
 app//com.hazelcast.internal.util.concurrent.MPSCQueue.takeAll(MPSCQueue.java:229)
 app//com.hazelcast.internal.util.concurrent.MPSCQueue.take(MPSCQueue.java:151)
 app//com.hazelcast.spi.impl.operationexecutor.impl.OperationQueueImpl.take(OperationQueueImpl.java:85)
 app//com.hazelcast.spi.impl.operationexecutor.impl.OperationThread.executeRun(OperationThread.java:118)
 app//com.hazelcast.internal.util.executor.HazelcastManagedThread.run(HazelcastManagedThread.java:102)
2023-06-12 18:07:44.886  WARN 26808 --- [RMI TCP Connection(87)-127.0.0.1] o.a.c.loader.WebappClassLoaderBase       : The web application [ROOT] appears to have started a thread named [hz.hazel-instance.partition-operation.thread-11] but has failed to stop it. This is very likely to create a memory leak. Stack trace of thread:
 java.base@17.0.7/jdk.internal.misc.Unsafe.park(Native Method)
 java.base@17.0.7/java.util.concurrent.locks.LockSupport.park(LockSupport.java:341)
 app//com.hazelcast.internal.util.concurrent.MPSCQueue.takeAll(MPSCQueue.java:229)
 app//com.hazelcast.internal.util.concurrent.MPSCQueue.take(MPSCQueue.java:151)
 app//com.hazelcast.spi.impl.operationexecutor.impl.OperationQueueImpl.take(OperationQueueImpl.java:85)
 app//com.hazelcast.spi.impl.operationexecutor.impl.OperationThread.executeRun(OperationThread.java:118)
 app//com.hazelcast.internal.util.executor.HazelcastManagedThread.run(HazelcastManagedThread.java:102)
2023-06-12 18:07:44.887  WARN 26808 --- [RMI TCP Connection(87)-127.0.0.1] o.a.c.loader.WebappClassLoaderBase       : The web application [ROOT] appears to have started a thread named [hz.hazel-instance.priority-generic-operation.thread-0] but has failed to stop it. This is very likely to create a memory leak. Stack trace of thread:
 java.base@17.0.7/jdk.internal.misc.Unsafe.park(Native Method)
 java.base@17.0.7/java.util.concurrent.locks.LockSupport.park(LockSupport.java:341)
 java.base@17.0.7/java.util.concurrent.locks.AbstractQueuedSynchronizer$ConditionNode.block(AbstractQueuedSynchronizer.java:506)
 java.base@17.0.7/java.util.concurrent.ForkJoinPool.unmanagedBlock(ForkJoinPool.java:3463)
 java.base@17.0.7/java.util.concurrent.ForkJoinPool.managedBlock(ForkJoinPool.java:3434)
 java.base@17.0.7/java.util.concurrent.locks.AbstractQueuedSynchronizer$ConditionObject.await(AbstractQueuedSynchronizer.java:1623)
 java.base@17.0.7/java.util.concurrent.LinkedBlockingQueue.take(LinkedBlockingQueue.java:435)
 app//com.hazelcast.spi.impl.operationexecutor.impl.OperationQueueImpl.take(OperationQueueImpl.java:76)
 app//com.hazelcast.spi.impl.operationexecutor.impl.OperationThread.executeRun(OperationThread.java:118)
 app//com.hazelcast.internal.util.executor.HazelcastManagedThread.run(HazelcastManagedThread.java:102)
2023-06-12 18:07:44.888  WARN 26808 --- [RMI TCP Connection(87)-127.0.0.1] o.a.c.loader.WebappClassLoaderBase       : The web application [ROOT] appears to have started a thread named [hz.hazel-instance.generic-operation.thread-0] but has failed to stop it. This is very likely to create a memory leak. Stack trace of thread:
 java.base@17.0.7/jdk.internal.misc.Unsafe.park(Native Method)
 java.base@17.0.7/java.util.concurrent.locks.LockSupport.park(LockSupport.java:341)
 java.base@17.0.7/java.util.concurrent.locks.AbstractQueuedSynchronizer$ConditionNode.block(AbstractQueuedSynchronizer.java:506)
 java.base@17.0.7/java.util.concurrent.ForkJoinPool.unmanagedBlock(ForkJoinPool.java:3463)
 java.base@17.0.7/java.util.concurrent.ForkJoinPool.managedBlock(ForkJoinPool.java:3434)
 java.base@17.0.7/java.util.concurrent.locks.AbstractQueuedSynchronizer$ConditionObject.await(AbstractQueuedSynchronizer.java:1623)
 java.base@17.0.7/java.util.concurrent.LinkedBlockingQueue.take(LinkedBlockingQueue.java:435)
 app//com.hazelcast.spi.impl.operationexecutor.impl.OperationQueueImpl.take(OperationQueueImpl.java:85)
 app//com.hazelcast.spi.impl.operationexecutor.impl.OperationThread.executeRun(OperationThread.java:118)
 app//com.hazelcast.internal.util.executor.HazelcastManagedThread.run(HazelcastManagedThread.java:102)
2023-06-12 18:07:44.890  WARN 26808 --- [RMI TCP Connection(87)-127.0.0.1] o.a.c.loader.WebappClassLoaderBase       : The web application [ROOT] appears to have started a thread named [hz.hazel-instance.generic-operation.thread-1] but has failed to stop it. This is very likely to create a memory leak. Stack trace of thread:
 java.base@17.0.7/jdk.internal.misc.Unsafe.park(Native Method)
 java.base@17.0.7/java.util.concurrent.locks.LockSupport.park(LockSupport.java:341)
 java.base@17.0.7/java.util.concurrent.locks.AbstractQueuedSynchronizer$ConditionNode.block(AbstractQueuedSynchronizer.java:506)
 java.base@17.0.7/java.util.concurrent.ForkJoinPool.unmanagedBlock(ForkJoinPool.java:3463)
 java.base@17.0.7/java.util.concurrent.ForkJoinPool.managedBlock(ForkJoinPool.java:3434)
 java.base@17.0.7/java.util.concurrent.locks.AbstractQueuedSynchronizer$ConditionObject.await(AbstractQueuedSynchronizer.java:1623)
 java.base@17.0.7/java.util.concurrent.LinkedBlockingQueue.take(LinkedBlockingQueue.java:435)
 app//com.hazelcast.spi.impl.operationexecutor.impl.OperationQueueImpl.take(OperationQueueImpl.java:85)
 app//com.hazelcast.spi.impl.operationexecutor.impl.OperationThread.executeRun(OperationThread.java:118)
 app//com.hazelcast.internal.util.executor.HazelcastManagedThread.run(HazelcastManagedThread.java:102)
2023-06-12 18:07:44.891  WARN 26808 --- [RMI TCP Connection(87)-127.0.0.1] o.a.c.loader.WebappClassLoaderBase       : The web application [ROOT] appears to have started a thread named [hz.hazel-instance.generic-operation.thread-2] but has failed to stop it. This is very likely to create a memory leak. Stack trace of thread:
 java.base@17.0.7/jdk.internal.misc.Unsafe.park(Native Method)
 java.base@17.0.7/java.util.concurrent.locks.LockSupport.park(LockSupport.java:341)
 java.base@17.0.7/java.util.concurrent.locks.AbstractQueuedSynchronizer$ConditionNode.block(AbstractQueuedSynchronizer.java:506)
 java.base@17.0.7/java.util.concurrent.ForkJoinPool.unmanagedBlock(ForkJoinPool.java:3463)
 java.base@17.0.7/java.util.concurrent.ForkJoinPool.managedBlock(ForkJoinPool.java:3434)
 java.base@17.0.7/java.util.concurrent.locks.AbstractQueuedSynchronizer$ConditionObject.await(AbstractQueuedSynchronizer.java:1623)
 java.base@17.0.7/java.util.concurrent.LinkedBlockingQueue.take(LinkedBlockingQueue.java:435)
 app//com.hazelcast.spi.impl.operationexecutor.impl.OperationQueueImpl.take(OperationQueueImpl.java:85)
 app//com.hazelcast.spi.impl.operationexecutor.impl.OperationThread.executeRun(OperationThread.java:118)
 app//com.hazelcast.internal.util.executor.HazelcastManagedThread.run(HazelcastManagedThread.java:102)
2023-06-12 18:07:44.893  WARN 26808 --- [RMI TCP Connection(87)-127.0.0.1] o.a.c.loader.WebappClassLoaderBase       : The web application [ROOT] appears to have started a thread named [hz.hazel-instance.generic-operation.thread-3] but has failed to stop it. This is very likely to create a memory leak. Stack trace of thread:
 java.base@17.0.7/jdk.internal.misc.Unsafe.park(Native Method)
 java.base@17.0.7/java.util.concurrent.locks.LockSupport.park(LockSupport.java:341)
 java.base@17.0.7/java.util.concurrent.locks.AbstractQueuedSynchronizer$ConditionNode.block(AbstractQueuedSynchronizer.java:506)
 java.base@17.0.7/java.util.concurrent.ForkJoinPool.unmanagedBlock(ForkJoinPool.java:3463)
 java.base@17.0.7/java.util.concurrent.ForkJoinPool.managedBlock(ForkJoinPool.java:3434)
 java.base@17.0.7/java.util.concurrent.locks.AbstractQueuedSynchronizer$ConditionObject.await(AbstractQueuedSynchronizer.java:1623)
 java.base@17.0.7/java.util.concurrent.LinkedBlockingQueue.take(LinkedBlockingQueue.java:435)
 app//com.hazelcast.spi.impl.operationexecutor.impl.OperationQueueImpl.take(OperationQueueImpl.java:85)
 app//com.hazelcast.spi.impl.operationexecutor.impl.OperationThread.executeRun(OperationThread.java:118)
 app//com.hazelcast.internal.util.executor.HazelcastManagedThread.run(HazelcastManagedThread.java:102)
2023-06-12 18:07:44.894  WARN 26808 --- [RMI TCP Connection(87)-127.0.0.1] o.a.c.loader.WebappClassLoaderBase       : The web application [ROOT] appears to have started a thread named [hz.hazel-instance.generic-operation.thread-4] but has failed to stop it. This is very likely to create a memory leak. Stack trace of thread:
 java.base@17.0.7/jdk.internal.misc.Unsafe.park(Native Method)
 java.base@17.0.7/java.util.concurrent.locks.LockSupport.park(LockSupport.java:341)
 java.base@17.0.7/java.util.concurrent.locks.AbstractQueuedSynchronizer$ConditionNode.block(AbstractQueuedSynchronizer.java:506)
 java.base@17.0.7/java.util.concurrent.ForkJoinPool.unmanagedBlock(ForkJoinPool.java:3463)
 java.base@17.0.7/java.util.concurrent.ForkJoinPool.managedBlock(ForkJoinPool.java:3434)
 java.base@17.0.7/java.util.concurrent.locks.AbstractQueuedSynchronizer$ConditionObject.await(AbstractQueuedSynchronizer.java:1623)
 java.base@17.0.7/java.util.concurrent.LinkedBlockingQueue.take(LinkedBlockingQueue.java:435)
 app//com.hazelcast.spi.impl.operationexecutor.impl.OperationQueueImpl.take(OperationQueueImpl.java:85)
 app//com.hazelcast.spi.impl.operationexecutor.impl.OperationThread.executeRun(OperationThread.java:118)
 app//com.hazelcast.internal.util.executor.HazelcastManagedThread.run(HazelcastManagedThread.java:102)
2023-06-12 18:07:44.896  WARN 26808 --- [RMI TCP Connection(87)-127.0.0.1] o.a.c.loader.WebappClassLoaderBase       : The web application [ROOT] appears to have started a thread named [hz.hazel-instance.generic-operation.thread-5] but has failed to stop it. This is very likely to create a memory leak. Stack trace of thread:
 java.base@17.0.7/jdk.internal.misc.Unsafe.park(Native Method)
 java.base@17.0.7/java.util.concurrent.locks.LockSupport.park(LockSupport.java:341)
 java.base@17.0.7/java.util.concurrent.locks.AbstractQueuedSynchronizer$ConditionNode.block(AbstractQueuedSynchronizer.java:506)
 java.base@17.0.7/java.util.concurrent.ForkJoinPool.unmanagedBlock(ForkJoinPool.java:3463)
 java.base@17.0.7/java.util.concurrent.ForkJoinPool.managedBlock(ForkJoinPool.java:3434)
 java.base@17.0.7/java.util.concurrent.locks.AbstractQueuedSynchronizer$ConditionObject.await(AbstractQueuedSynchronizer.java:1623)
 java.base@17.0.7/java.util.concurrent.LinkedBlockingQueue.take(LinkedBlockingQueue.java:435)
 app//com.hazelcast.spi.impl.operationexecutor.impl.OperationQueueImpl.take(OperationQueueImpl.java:85)
 app//com.hazelcast.spi.impl.operationexecutor.impl.OperationThread.executeRun(OperationThread.java:118)
 app//com.hazelcast.internal.util.executor.HazelcastManagedThread.run(HazelcastManagedThread.java:102)
2023-06-12 18:07:44.898  WARN 26808 --- [RMI TCP Connection(87)-127.0.0.1] o.a.c.loader.WebappClassLoaderBase       : The web application [ROOT] appears to have started a thread named [hz.hazel-instance.response-0] but has failed to stop it. This is very likely to create a memory leak. Stack trace of thread:
 java.base@17.0.7/jdk.internal.misc.Unsafe.park(Native Method)
 java.base@17.0.7/java.util.concurrent.locks.LockSupport.park(LockSupport.java:341)
 app//com.hazelcast.internal.util.concurrent.MPSCQueue.takeAll(MPSCQueue.java:229)
 app//com.hazelcast.internal.util.concurrent.MPSCQueue.take(MPSCQueue.java:151)
 app//com.hazelcast.spi.impl.operationservice.impl.InboundResponseHandlerSupplier$ResponseThread.doRun(InboundResponseHandlerSupplier.java:295)
 app//com.hazelcast.spi.impl.operationservice.impl.InboundResponseHandlerSupplier$ResponseThread.executeRun(InboundResponseHandlerSupplier.java:284)
 app//com.hazelcast.internal.util.executor.HazelcastManagedThread.run(HazelcastManagedThread.java:102)
2023-06-12 18:07:44.899  WARN 26808 --- [RMI TCP Connection(87)-127.0.0.1] o.a.c.loader.WebappClassLoaderBase       : The web application [ROOT] appears to have started a thread named [hz.hazel-instance.response-1] but has failed to stop it. This is very likely to create a memory leak. Stack trace of thread:
 java.base@17.0.7/jdk.internal.misc.Unsafe.park(Native Method)
 java.base@17.0.7/java.util.concurrent.locks.LockSupport.park(LockSupport.java:341)
 app//com.hazelcast.internal.util.concurrent.MPSCQueue.takeAll(MPSCQueue.java:229)
 app//com.hazelcast.internal.util.concurrent.MPSCQueue.take(MPSCQueue.java:151)
 app//com.hazelcast.spi.impl.operationservice.impl.InboundResponseHandlerSupplier$ResponseThread.doRun(InboundResponseHandlerSupplier.java:295)
 app//com.hazelcast.spi.impl.operationservice.impl.InboundResponseHandlerSupplier$ResponseThread.executeRun(InboundResponseHandlerSupplier.java:284)
 app//com.hazelcast.internal.util.executor.HazelcastManagedThread.run(HazelcastManagedThread.java:102)
2023-06-12 18:07:44.901  WARN 26808 --- [RMI TCP Connection(87)-127.0.0.1] o.a.c.loader.WebappClassLoaderBase       : The web application [ROOT] appears to have started a thread named [hz.hazel-instance.SlowOperationDetectorThread] but has failed to stop it. This is very likely to create a memory leak. Stack trace of thread:
 java.base@17.0.7/java.lang.Thread.sleep(Native Method)
 java.base@17.0.7/java.lang.Thread.sleep(Thread.java:337)
 java.base@17.0.7/java.util.concurrent.TimeUnit.sleep(TimeUnit.java:446)
 app//com.hazelcast.spi.impl.operationexecutor.slowoperationdetector.SlowOperationDetector$DetectorThread.sleepInterval(SlowOperationDetector.java:289)
 app//com.hazelcast.spi.impl.operationexecutor.slowoperationdetector.SlowOperationDetector$DetectorThread.run(SlowOperationDetector.java:154)
2023-06-12 18:07:44.902  WARN 26808 --- [RMI TCP Connection(87)-127.0.0.1] o.a.c.loader.WebappClassLoaderBase       : The web application [ROOT] appears to have started a thread named [hazel-instance-query-state-checker] but has failed to stop it. This is very likely to create a memory leak. Stack trace of thread:
 java.base@17.0.7/java.lang.Thread.sleep(Native Method)
 app//com.hazelcast.sql.impl.state.QueryStateRegistryUpdater$Worker.run(QueryStateRegistryUpdater.java:114)
 java.base@17.0.7/java.lang.Thread.run(Thread.java:833)
2023-06-12 18:07:44.904  WARN 26808 --- [RMI TCP Connection(87)-127.0.0.1] o.a.c.loader.WebappClassLoaderBase       : The web application [ROOT] appears to have started a thread named [hz.hazel-instance.IO.thread-in-0] but has failed to stop it. This is very likely to create a memory leak. Stack trace of thread:
 java.base@17.0.7/sun.nio.ch.WEPoll.wait(Native Method)
 java.base@17.0.7/sun.nio.ch.WEPollSelectorImpl.doSelect(WEPollSelectorImpl.java:111)
 java.base@17.0.7/sun.nio.ch.SelectorImpl.lockAndDoSelect(SelectorImpl.java:129)
 java.base@17.0.7/sun.nio.ch.SelectorImpl.select(SelectorImpl.java:141)
 app//com.hazelcast.internal.networking.nio.NioThread.selectLoop(NioThread.java:292)
 app//com.hazelcast.internal.networking.nio.NioThread.executeRun(NioThread.java:249)
 app//com.hazelcast.internal.util.executor.HazelcastManagedThread.run(HazelcastManagedThread.java:102)
2023-06-12 18:07:44.905  WARN 26808 --- [RMI TCP Connection(87)-127.0.0.1] o.a.c.loader.WebappClassLoaderBase       : The web application [ROOT] appears to have started a thread named [hz.hazel-instance.IO.thread-in-1] but has failed to stop it. This is very likely to create a memory leak. Stack trace of thread:
 java.base@17.0.7/sun.nio.ch.WEPoll.wait(Native Method)
 java.base@17.0.7/sun.nio.ch.WEPollSelectorImpl.doSelect(WEPollSelectorImpl.java:111)
 java.base@17.0.7/sun.nio.ch.SelectorImpl.lockAndDoSelect(SelectorImpl.java:129)
 java.base@17.0.7/sun.nio.ch.SelectorImpl.select(SelectorImpl.java:141)
 app//com.hazelcast.internal.networking.nio.NioThread.selectLoop(NioThread.java:292)
 app//com.hazelcast.internal.networking.nio.NioThread.executeRun(NioThread.java:249)
 app//com.hazelcast.internal.util.executor.HazelcastManagedThread.run(HazelcastManagedThread.java:102)
2023-06-12 18:07:44.906  WARN 26808 --- [RMI TCP Connection(87)-127.0.0.1] o.a.c.loader.WebappClassLoaderBase       : The web application [ROOT] appears to have started a thread named [hz.hazel-instance.IO.thread-in-2] but has failed to stop it. This is very likely to create a memory leak. Stack trace of thread:
 java.base@17.0.7/sun.nio.ch.WEPoll.wait(Native Method)
 java.base@17.0.7/sun.nio.ch.WEPollSelectorImpl.doSelect(WEPollSelectorImpl.java:111)
 java.base@17.0.7/sun.nio.ch.SelectorImpl.lockAndDoSelect(SelectorImpl.java:129)
 java.base@17.0.7/sun.nio.ch.SelectorImpl.select(SelectorImpl.java:141)
 app//com.hazelcast.internal.networking.nio.NioThread.selectLoop(NioThread.java:292)
 app//com.hazelcast.internal.networking.nio.NioThread.executeRun(NioThread.java:249)
 app//com.hazelcast.internal.util.executor.HazelcastManagedThread.run(HazelcastManagedThread.java:102)
2023-06-12 18:07:44.908  WARN 26808 --- [RMI TCP Connection(87)-127.0.0.1] o.a.c.loader.WebappClassLoaderBase       : The web application [ROOT] appears to have started a thread named [hz.hazel-instance.IO.thread-out-0] but has failed to stop it. This is very likely to create a memory leak. Stack trace of thread:
 java.base@17.0.7/sun.nio.ch.WEPoll.wait(Native Method)
 java.base@17.0.7/sun.nio.ch.WEPollSelectorImpl.doSelect(WEPollSelectorImpl.java:111)
 java.base@17.0.7/sun.nio.ch.SelectorImpl.lockAndDoSelect(SelectorImpl.java:129)
 java.base@17.0.7/sun.nio.ch.SelectorImpl.select(SelectorImpl.java:141)
 app//com.hazelcast.internal.networking.nio.NioThread.selectLoop(NioThread.java:292)
 app//com.hazelcast.internal.networking.nio.NioThread.executeRun(NioThread.java:249)
 app//com.hazelcast.internal.util.executor.HazelcastManagedThread.run(HazelcastManagedThread.java:102)
2023-06-12 18:07:44.911  WARN 26808 --- [RMI TCP Connection(87)-127.0.0.1] o.a.c.loader.WebappClassLoaderBase       : The web application [ROOT] appears to have started a thread named [hz.hazel-instance.IO.thread-out-1] but has failed to stop it. This is very likely to create a memory leak. Stack trace of thread:
 java.base@17.0.7/sun.nio.ch.WEPoll.wait(Native Method)
 java.base@17.0.7/sun.nio.ch.WEPollSelectorImpl.doSelect(WEPollSelectorImpl.java:111)
 java.base@17.0.7/sun.nio.ch.SelectorImpl.lockAndDoSelect(SelectorImpl.java:129)
 java.base@17.0.7/sun.nio.ch.SelectorImpl.select(SelectorImpl.java:141)
 app//com.hazelcast.internal.networking.nio.NioThread.selectLoop(NioThread.java:292)
 app//com.hazelcast.internal.networking.nio.NioThread.executeRun(NioThread.java:249)
 app//com.hazelcast.internal.util.executor.HazelcastManagedThread.run(HazelcastManagedThread.java:102)
2023-06-12 18:07:44.912  WARN 26808 --- [RMI TCP Connection(87)-127.0.0.1] o.a.c.loader.WebappClassLoaderBase       : The web application [ROOT] appears to have started a thread named [hz.hazel-instance.IO.thread-out-2] but has failed to stop it. This is very likely to create a memory leak. Stack trace of thread:
 java.base@17.0.7/sun.nio.ch.WEPoll.wait(Native Method)
 java.base@17.0.7/sun.nio.ch.WEPollSelectorImpl.doSelect(WEPollSelectorImpl.java:111)
 java.base@17.0.7/sun.nio.ch.SelectorImpl.lockAndDoSelect(SelectorImpl.java:129)
 java.base@17.0.7/sun.nio.ch.SelectorImpl.select(SelectorImpl.java:141)
 app//com.hazelcast.internal.networking.nio.NioThread.selectLoop(NioThread.java:292)
 app//com.hazelcast.internal.networking.nio.NioThread.executeRun(NioThread.java:249)
 app//com.hazelcast.internal.util.executor.HazelcastManagedThread.run(HazelcastManagedThread.java:102)
2023-06-12 18:07:44.914  WARN 26808 --- [RMI TCP Connection(87)-127.0.0.1] o.a.c.loader.WebappClassLoaderBase       : The web application [ROOT] appears to have started a thread named [hz.hazel-instance.IO.BalancerThread] but has failed to stop it. This is very likely to create a memory leak. Stack trace of thread:
 java.base@17.0.7/jdk.internal.misc.Unsafe.park(Native Method)
 java.base@17.0.7/java.util.concurrent.locks.LockSupport.parkNanos(LockSupport.java:252)
 java.base@17.0.7/java.util.concurrent.locks.AbstractQueuedSynchronizer$ConditionObject.awaitNanos(AbstractQueuedSynchronizer.java:1672)
 java.base@17.0.7/java.util.concurrent.LinkedBlockingQueue.poll(LinkedBlockingQueue.java:460)
 app//com.hazelcast.internal.networking.nio.iobalancer.IOBalancerThread.run(IOBalancerThread.java:65)
2023-06-12 18:07:44.917  WARN 26808 --- [RMI TCP Connection(87)-127.0.0.1] o.a.c.loader.WebappClassLoaderBase       : The web application [ROOT] appears to have started a thread named [hz.hazel-instance.IO.thread-Acceptor] but has failed to stop it. This is very likely to create a memory leak. Stack trace of thread:
 java.base@17.0.7/sun.nio.ch.WEPoll.wait(Native Method)
 java.base@17.0.7/sun.nio.ch.WEPollSelectorImpl.doSelect(WEPollSelectorImpl.java:111)
 java.base@17.0.7/sun.nio.ch.SelectorImpl.lockAndDoSelect(SelectorImpl.java:129)
 java.base@17.0.7/sun.nio.ch.SelectorImpl.select(SelectorImpl.java:146)
 app//com.hazelcast.internal.server.tcp.TcpServerAcceptor$AcceptorIOThread.acceptLoop(TcpServerAcceptor.java:186)
 app//com.hazelcast.internal.server.tcp.TcpServerAcceptor$AcceptorIOThread.run(TcpServerAcceptor.java:172)
2023-06-12 18:07:44.919  WARN 26808 --- [RMI TCP Connection(87)-127.0.0.1] o.a.c.loader.WebappClassLoaderBase       : The web application [ROOT] appears to have started a thread named [hz.hazel-instance.MulticastThread] but has failed to stop it. This is very likely to create a memory leak. Stack trace of thread:
 java.base@17.0.7/sun.nio.ch.Net.poll(Native Method)
 java.base@17.0.7/sun.nio.ch.SelChImpl.park(SelChImpl.java:92)
 java.base@17.0.7/sun.nio.ch.DatagramChannelImpl.trustedBlockingReceive(DatagramChannelImpl.java:705)
 java.base@17.0.7/sun.nio.ch.DatagramChannelImpl.blockingReceive(DatagramChannelImpl.java:633)
 java.base@17.0.7/sun.nio.ch.DatagramSocketAdaptor.receive(DatagramSocketAdaptor.java:240)
 java.base@17.0.7/java.net.DatagramSocket.receive(DatagramSocket.java:700)
 app//com.hazelcast.internal.cluster.impl.MulticastService.receive(MulticastService.java:247)
 app//com.hazelcast.internal.cluster.impl.MulticastService.run(MulticastService.java:223)
 java.base@17.0.7/java.lang.Thread.run(Thread.java:833)
2023-06-12 18:07:44.920  WARN 26808 --- [RMI TCP Connection(87)-127.0.0.1] o.a.c.loader.WebappClassLoaderBase       : The web application [ROOT] appears to have started a thread named [hz.hazel-instance.HealthMonitor] but has failed to stop it. This is very likely to create a memory leak. Stack trace of thread:
 java.base@17.0.7/java.lang.Thread.sleep(Native Method)
 java.base@17.0.7/java.lang.Thread.sleep(Thread.java:337)
 java.base@17.0.7/java.util.concurrent.TimeUnit.sleep(TimeUnit.java:446)
 app//com.hazelcast.internal.diagnostics.HealthMonitor$HealthMonitorThread.run(HealthMonitor.java:163)
2023-06-12 18:07:44.921  WARN 26808 --- [RMI TCP Connection(87)-127.0.0.1] o.a.c.loader.WebappClassLoaderBase       : The web application [ROOT] appears to have started a thread named [HikariPool-1 housekeeper] but has failed to stop it. This is very likely to create a memory leak. Stack trace of thread:
 java.base@17.0.7/jdk.internal.misc.Unsafe.park(Native Method)
 java.base@17.0.7/java.util.concurrent.locks.LockSupport.parkNanos(LockSupport.java:252)
 java.base@17.0.7/java.util.concurrent.locks.AbstractQueuedSynchronizer$ConditionObject.awaitNanos(AbstractQueuedSynchronizer.java:1672)
 java.base@17.0.7/java.util.concurrent.ScheduledThreadPoolExecutor$DelayedWorkQueue.take(ScheduledThreadPoolExecutor.java:1182)
 java.base@17.0.7/java.util.concurrent.ScheduledThreadPoolExecutor$DelayedWorkQueue.take(ScheduledThreadPoolExecutor.java:899)
 java.base@17.0.7/java.util.concurrent.ThreadPoolExecutor.getTask(ThreadPoolExecutor.java:1062)
 java.base@17.0.7/java.util.concurrent.ThreadPoolExecutor.runWorker(ThreadPoolExecutor.java:1122)
 java.base@17.0.7/java.util.concurrent.ThreadPoolExecutor$Worker.run(ThreadPoolExecutor.java:635)
 java.base@17.0.7/java.lang.Thread.run(Thread.java:833)
2023-06-12 18:07:44.923  WARN 26808 --- [RMI TCP Connection(87)-127.0.0.1] o.a.c.loader.WebappClassLoaderBase       : The web application [ROOT] appears to have started a thread named [hz.hazel-instance.cached.thread-5] but has failed to stop it. This is very likely to create a memory leak. Stack trace of thread:
 java.base@17.0.7/jdk.internal.misc.Unsafe.park(Native Method)
 java.base@17.0.7/java.util.concurrent.locks.LockSupport.parkNanos(LockSupport.java:252)
 java.base@17.0.7/java.util.concurrent.SynchronousQueue$TransferStack.transfer(SynchronousQueue.java:401)
 java.base@17.0.7/java.util.concurrent.SynchronousQueue.poll(SynchronousQueue.java:903)
 java.base@17.0.7/java.util.concurrent.ThreadPoolExecutor.getTask(ThreadPoolExecutor.java:1061)
 java.base@17.0.7/java.util.concurrent.ThreadPoolExecutor.runWorker(ThreadPoolExecutor.java:1122)
 java.base@17.0.7/java.util.concurrent.ThreadPoolExecutor$Worker.run(ThreadPoolExecutor.java:635)
 java.base@17.0.7/java.lang.Thread.run(Thread.java:833)
 app//com.hazelcast.internal.util.executor.HazelcastManagedThread.executeRun(HazelcastManagedThread.java:76)
 app//com.hazelcast.internal.util.executor.HazelcastManagedThread.run(HazelcastManagedThread.java:102)
2023-06-12 18:07:44.924  WARN 26808 --- [RMI TCP Connection(87)-127.0.0.1] o.a.c.loader.WebappClassLoaderBase       : The web application [ROOT] appears to have started a thread named [hz.hazel-instance.cached.thread-7] but has failed to stop it. This is very likely to create a memory leak. Stack trace of thread:
 java.base@17.0.7/jdk.internal.misc.Unsafe.park(Native Method)
 java.base@17.0.7/java.util.concurrent.locks.LockSupport.parkNanos(LockSupport.java:252)
 java.base@17.0.7/java.util.concurrent.SynchronousQueue$TransferStack.transfer(SynchronousQueue.java:401)
 java.base@17.0.7/java.util.concurrent.SynchronousQueue.poll(SynchronousQueue.java:903)
 java.base@17.0.7/java.util.concurrent.ThreadPoolExecutor.getTask(ThreadPoolExecutor.java:1061)
 java.base@17.0.7/java.util.concurrent.ThreadPoolExecutor.runWorker(ThreadPoolExecutor.java:1122)
 java.base@17.0.7/java.util.concurrent.ThreadPoolExecutor$Worker.run(ThreadPoolExecutor.java:635)
 java.base@17.0.7/java.lang.Thread.run(Thread.java:833)
 app//com.hazelcast.internal.util.executor.HazelcastManagedThread.executeRun(HazelcastManagedThread.java:76)
 app//com.hazelcast.internal.util.executor.HazelcastManagedThread.run(HazelcastManagedThread.java:102)
2023-06-12 18:07:44.926  WARN 26808 --- [RMI TCP Connection(87)-127.0.0.1] o.a.c.loader.WebappClassLoaderBase       : The web application [ROOT] appears to have started a thread named [hz.hazel-instance.cached.thread-9] but has failed to stop it. This is very likely to create a memory leak. Stack trace of thread:
 java.base@17.0.7/jdk.internal.misc.Unsafe.park(Native Method)
 java.base@17.0.7/java.util.concurrent.locks.LockSupport.parkNanos(LockSupport.java:252)
 java.base@17.0.7/java.util.concurrent.SynchronousQueue$TransferStack.transfer(SynchronousQueue.java:401)
 java.base@17.0.7/java.util.concurrent.SynchronousQueue.poll(SynchronousQueue.java:903)
 java.base@17.0.7/java.util.concurrent.ThreadPoolExecutor.getTask(ThreadPoolExecutor.java:1061)
 java.base@17.0.7/java.util.concurrent.ThreadPoolExecutor.runWorker(ThreadPoolExecutor.java:1122)
 java.base@17.0.7/java.util.concurrent.ThreadPoolExecutor$Worker.run(ThreadPoolExecutor.java:635)
 java.base@17.0.7/java.lang.Thread.run(Thread.java:833)
 app//com.hazelcast.internal.util.executor.HazelcastManagedThread.executeRun(HazelcastManagedThread.java:76)
 app//com.hazelcast.internal.util.executor.HazelcastManagedThread.run(HazelcastManagedThread.java:102)
2023-06-12 18:07:44.928  WARN 26808 --- [RMI TCP Connection(87)-127.0.0.1] o.a.c.loader.WebappClassLoaderBase       : The web application [ROOT] appears to have started a thread named [hz.hazel-instance.cached.thread-2] but has failed to stop it. This is very likely to create a memory leak. Stack trace of thread:
 java.base@17.0.7/jdk.internal.misc.Unsafe.park(Native Method)
 java.base@17.0.7/java.util.concurrent.locks.LockSupport.parkNanos(LockSupport.java:252)
 java.base@17.0.7/java.util.concurrent.SynchronousQueue$TransferStack.transfer(SynchronousQueue.java:401)
 java.base@17.0.7/java.util.concurrent.SynchronousQueue.poll(SynchronousQueue.java:903)
 java.base@17.0.7/java.util.concurrent.ThreadPoolExecutor.getTask(ThreadPoolExecutor.java:1061)
 java.base@17.0.7/java.util.concurrent.ThreadPoolExecutor.runWorker(ThreadPoolExecutor.java:1122)
 java.base@17.0.7/java.util.concurrent.ThreadPoolExecutor$Worker.run(ThreadPoolExecutor.java:635)
 java.base@17.0.7/java.lang.Thread.run(Thread.java:833)
 app//com.hazelcast.internal.util.executor.HazelcastManagedThread.executeRun(HazelcastManagedThread.java:76)
 app//com.hazelcast.internal.util.executor.HazelcastManagedThread.run(HazelcastManagedThread.java:102)
2023-06-12 18:07:44.930  WARN 26808 --- [RMI TCP Connection(87)-127.0.0.1] o.a.c.loader.WebappClassLoaderBase       : The web application [ROOT] appears to have started a thread named [hz.hazel-instance.cached.thread-3] but has failed to stop it. This is very likely to create a memory leak. Stack trace of thread:
 java.base@17.0.7/jdk.internal.misc.Unsafe.park(Native Method)
 java.base@17.0.7/java.util.concurrent.locks.LockSupport.parkNanos(LockSupport.java:252)
 java.base@17.0.7/java.util.concurrent.SynchronousQueue$TransferStack.transfer(SynchronousQueue.java:401)
 java.base@17.0.7/java.util.concurrent.SynchronousQueue.poll(SynchronousQueue.java:903)
 java.base@17.0.7/java.util.concurrent.ThreadPoolExecutor.getTask(ThreadPoolExecutor.java:1061)
 java.base@17.0.7/java.util.concurrent.ThreadPoolExecutor.runWorker(ThreadPoolExecutor.java:1122)
 java.base@17.0.7/java.util.concurrent.ThreadPoolExecutor$Worker.run(ThreadPoolExecutor.java:635)
 java.base@17.0.7/java.lang.Thread.run(Thread.java:833)
 app//com.hazelcast.internal.util.executor.HazelcastManagedThread.executeRun(HazelcastManagedThread.java:76)
 app//com.hazelcast.internal.util.executor.HazelcastManagedThread.run(HazelcastManagedThread.java:102)
2023-06-12 18:07:44.931  WARN 26808 --- [RMI TCP Connection(87)-127.0.0.1] o.a.c.loader.WebappClassLoaderBase       : The web application [ROOT] appears to have started a thread named [hz.hazel-instance.cached.thread-6] but has failed to stop it. This is very likely to create a memory leak. Stack trace of thread:
 java.base@17.0.7/jdk.internal.misc.Unsafe.park(Native Method)
 java.base@17.0.7/java.util.concurrent.locks.LockSupport.parkNanos(LockSupport.java:252)
 java.base@17.0.7/java.util.concurrent.SynchronousQueue$TransferStack.transfer(SynchronousQueue.java:401)
 java.base@17.0.7/java.util.concurrent.SynchronousQueue.poll(SynchronousQueue.java:903)
 java.base@17.0.7/java.util.concurrent.ThreadPoolExecutor.getTask(ThreadPoolExecutor.java:1061)
 java.base@17.0.7/java.util.concurrent.ThreadPoolExecutor.runWorker(ThreadPoolExecutor.java:1122)
 java.base@17.0.7/java.util.concurrent.ThreadPoolExecutor$Worker.run(ThreadPoolExecutor.java:635)
 java.base@17.0.7/java.lang.Thread.run(Thread.java:833)
 app//com.hazelcast.internal.util.executor.HazelcastManagedThread.executeRun(HazelcastManagedThread.java:76)
 app//com.hazelcast.internal.util.executor.HazelcastManagedThread.run(HazelcastManagedThread.java:102)
2023-06-12 18:07:44.933  WARN 26808 --- [RMI TCP Connection(87)-127.0.0.1] o.a.c.loader.WebappClassLoaderBase       : The web application [ROOT] appears to have started a thread named [hz.hazel-instance.cached.thread-1] but has failed to stop it. This is very likely to create a memory leak. Stack trace of thread:
 java.base@17.0.7/jdk.internal.misc.Unsafe.park(Native Method)
 java.base@17.0.7/java.util.concurrent.locks.LockSupport.parkNanos(LockSupport.java:252)
 java.base@17.0.7/java.util.concurrent.SynchronousQueue$TransferStack.transfer(SynchronousQueue.java:401)
 java.base@17.0.7/java.util.concurrent.SynchronousQueue.poll(SynchronousQueue.java:903)
 java.base@17.0.7/java.util.concurrent.ThreadPoolExecutor.getTask(ThreadPoolExecutor.java:1061)
 java.base@17.0.7/java.util.concurrent.ThreadPoolExecutor.runWorker(ThreadPoolExecutor.java:1122)
 java.base@17.0.7/java.util.concurrent.ThreadPoolExecutor$Worker.run(ThreadPoolExecutor.java:635)
 java.base@17.0.7/java.lang.Thread.run(Thread.java:833)
 app//com.hazelcast.internal.util.executor.HazelcastManagedThread.executeRun(HazelcastManagedThread.java:76)
 app//com.hazelcast.internal.util.executor.HazelcastManagedThread.run(HazelcastManagedThread.java:102)
2023-06-12 18:07:44.935  WARN 26808 --- [RMI TCP Connection(87)-127.0.0.1] o.a.c.loader.WebappClassLoaderBase       : The web application [ROOT] appears to have started a thread named [hz.hazel-instance.cached.thread-11] but has failed to stop it. This is very likely to create a memory leak. Stack trace of thread:
 java.base@17.0.7/jdk.internal.misc.Unsafe.park(Native Method)
 java.base@17.0.7/java.util.concurrent.locks.LockSupport.parkNanos(LockSupport.java:252)
 java.base@17.0.7/java.util.concurrent.SynchronousQueue$TransferStack.transfer(SynchronousQueue.java:401)
 java.base@17.0.7/java.util.concurrent.SynchronousQueue.poll(SynchronousQueue.java:903)
 java.base@17.0.7/java.util.concurrent.ThreadPoolExecutor.getTask(ThreadPoolExecutor.java:1061)
 java.base@17.0.7/java.util.concurrent.ThreadPoolExecutor.runWorker(ThreadPoolExecutor.java:1122)
 java.base@17.0.7/java.util.concurrent.ThreadPoolExecutor$Worker.run(ThreadPoolExecutor.java:635)
 java.base@17.0.7/java.lang.Thread.run(Thread.java:833)
 app//com.hazelcast.internal.util.executor.HazelcastManagedThread.executeRun(HazelcastManagedThread.java:76)
 app//com.hazelcast.internal.util.executor.HazelcastManagedThread.run(HazelcastManagedThread.java:102)
2023-06-12 18:07:44.978  INFO 26808 --- [RMI TCP Connection(87)-127.0.0.1] j.LocalContainerEntityManagerFactoryBean : Closing JPA EntityManagerFactory for persistence unit 'default'
2023-06-12 18:07:45.009  INFO 26808 --- [RMI TCP Connection(87)-127.0.0.1] com.zaxxer.hikari.HikariDataSource       : HikariPool-1 - Shutdown initiated...
2023-06-12 18:07:45.023  INFO 26808 --- [RMI TCP Connection(87)-127.0.0.1] com.zaxxer.hikari.HikariDataSource       : HikariPool-1 - Shutdown completed.
